12/29/2021 11:00:40 - INFO     : 重置发货单F01SDH2111002168 成功！
12/29/2021 11:02:55 - INFO     : 重置发货单F01SDH2111002168 成功！
12/29/2021 11:02:55 - INFO     : 从服务器加载发货单F01SDH2111002168成功：[{'SDHNUM_0': 'F01SDH2111002168', 'STOFCY_0': 'F01', 'DLVDAT_0': datetime.datetime(2021, 11, 22, 0, 0), 'SDDLIN_0': 4000, 'ITMREF_0': 'P0034227', 'SOHNUM_0': 'F01SON2112000166', 'STU_0': 'EA', 'QTYSTU_0': Decimal('524.0000000000000'), 'LOT_0': 'C2190025', 'WRH_0': 'W0110', 'LOC_0': 'W10001', 'BPCNAM_0': 'LEED International Co., Limited', 'XITMNUM_0': 'DWG9600012/CP0040001', 'ITMDES1_0': '一次性使用球囊扩充压力泵', 'ITMDES2_0': 'BM-BID-I30', 'USRFLD2_0': '2024-9-9'}]
12/30/2021 08:33:35 - INFO     : SCAN DATA: C2190025
12/30/2021 10:07:15 - INFO     : SCAN DATA: C2190025
12/30/2021 10:09:40 - INFO     : SCAN DATA: C2190025
12/30/2021 10:09:50 - INFO     : SCAN DATA: C2190025
12/30/2021 10:11:38 - INFO     : SCAN DATA: C2190025
12/30/2021 10:15:39 - INFO     : SCAN DATA: C2190025
12/30/2021 10:16:52 - INFO     : SCAN DATA: C2190025
12/30/2021 10:18:58 - INFO     : SCAN DATA: C2190025
12/30/2021 10:19:06 - INFO     : SCAN DATA: C2190025
12/30/2021 10:19:09 - INFO     : SCAN DATA: C2190025
12/30/2021 10:19:17 - INFO     : SCAN DATA: C2190025
12/30/2021 10:19:18 - INFO     : SCAN DATA: C2190025
12/30/2021 10:19:19 - INFO     : SCAN DATA: C2190025
12/30/2021 10:19:19 - INFO     : SCAN DATA: C2190025
12/30/2021 10:19:20 - INFO     : SCAN DATA: C2190025
12/30/2021 10:19:20 - INFO     : SCAN DATA: C2190025
12/30/2021 10:19:21 - INFO     : SCAN DATA: C2190025
12/30/2021 10:19:22 - INFO     : SCAN DATA: C2190025
12/30/2021 10:19:23 - INFO     : SCAN DATA: C2190025
12/30/2021 10:27:30 - INFO     : SCAN DATA: C2190025
12/30/2021 10:27:31 - INFO     : SCAN DATA: C2190025
12/30/2021 10:27:32 - INFO     : SCAN DATA: C2190025
12/30/2021 10:27:33 - INFO     : SCAN DATA: C2190025
12/30/2021 10:27:34 - INFO     : SCAN DATA: C2190025
12/30/2021 10:27:35 - INFO     : SCAN DATA: C2190025
12/30/2021 10:27:35 - INFO     : SCAN DATA: C2190025
12/30/2021 10:27:36 - INFO     : SCAN DATA: C2190025
12/30/2021 10:27:37 - INFO     : SCAN DATA: C2190025
12/30/2021 10:27:38 - INFO     : SCAN DATA: C2190025
12/30/2021 10:27:40 - INFO     : SCAN DATA: C2190025
12/30/2021 10:27:56 - INFO     : SCAN DATA: C2190025
12/30/2021 10:27:59 - INFO     : SCAN DATA: C2190025
12/30/2021 11:42:51 - INFO     : SCAN DATA: C2190025
12/30/2021 11:42:52 - INFO     : SCAN DATA: C2190025
12/30/2021 11:42:53 - INFO     : SCAN DATA: C2190025
12/30/2021 11:42:54 - INFO     : SCAN DATA: C2190025
12/30/2021 11:42:55 - INFO     : SCAN DATA: C2190025
12/30/2021 11:42:55 - INFO     : SCAN DATA: C2190025
12/30/2021 11:42:56 - INFO     : SCAN DATA: C2190025
12/30/2021 11:42:57 - INFO     : SCAN DATA: C2190025
12/30/2021 11:42:58 - INFO     : SCAN DATA: C2190025
12/30/2021 11:42:59 - INFO     : SCAN DATA: C2190025
12/30/2021 11:43:07 - INFO     : SCAN DATA: C2190025
12/30/2021 11:43:08 - INFO     : SCAN DATA: C2190025
12/30/2021 11:43:09 - INFO     : SCAN DATA: C2190025
12/30/2021 11:43:09 - INFO     : SCAN DATA: C2190025
12/30/2021 11:43:10 - INFO     : SCAN DATA: C2190025
12/30/2021 11:43:11 - INFO     : SCAN DATA: C2190025
12/30/2021 11:43:11 - INFO     : SCAN DATA: C2190025
12/30/2021 11:43:12 - INFO     : SCAN DATA: C2190025
12/30/2021 11:43:12 - INFO     : SCAN DATA: C2190025
12/30/2021 11:43:13 - INFO     : SCAN DATA: C2190025
12/30/2021 11:44:21 - INFO     : SCAN DATA: C2190025
12/30/2021 11:44:22 - INFO     : SCAN DATA: C2190025
12/30/2021 11:44:23 - INFO     : SCAN DATA: C2190025
12/30/2021 11:44:23 - INFO     : SCAN DATA: C2190025
12/30/2021 11:44:24 - INFO     : SCAN DATA: C2190025
12/30/2021 11:44:24 - INFO     : SCAN DATA: C2190025
12/30/2021 11:44:25 - INFO     : SCAN DATA: C2190025
12/30/2021 11:44:26 - INFO     : SCAN DATA: C2190025
12/30/2021 11:44:30 - INFO     : SCAN DATA: C2190025
12/30/2021 11:44:32 - INFO     : SCAN DATA: C2190025
12/30/2021 11:46:43 - INFO     : SCAN DATA: C2190025
12/30/2021 11:46:43 - INFO     : SCAN DATA: C2190025
12/30/2021 11:46:44 - INFO     : SCAN DATA: C2190025
12/30/2021 11:46:45 - INFO     : SCAN DATA: C2190025
12/30/2021 11:46:45 - INFO     : SCAN DATA: C2190025
12/30/2021 11:46:46 - INFO     : SCAN DATA: C2190025
12/30/2021 11:46:47 - INFO     : SCAN DATA: C2190025
12/30/2021 11:46:47 - INFO     : SCAN DATA: C2190025
12/30/2021 11:46:48 - INFO     : SCAN DATA: C2190025
12/30/2021 11:46:49 - INFO     : SCAN DATA: C2190025
12/30/2021 11:46:51 - INFO     : SCAN DATA: C2190025
12/30/2021 11:46:52 - INFO     : SCAN DATA: C2190025
12/30/2021 11:46:52 - INFO     : SCAN DATA: C2190025
12/30/2021 11:46:53 - INFO     : SCAN DATA: C2190025
12/30/2021 11:46:53 - INFO     : SCAN DATA: C2190025
12/30/2021 11:46:54 - INFO     : SCAN DATA: C2190025
12/30/2021 11:46:54 - INFO     : SCAN DATA: C2190025
12/30/2021 11:46:55 - INFO     : SCAN DATA: C2190025
12/30/2021 11:46:56 - INFO     : SCAN DATA: C2190025
12/30/2021 11:46:57 - INFO     : SCAN DATA: C2190025
12/30/2021 11:50:50 - INFO     : SCAN DATA: C2190025
12/30/2021 11:50:52 - INFO     : SCAN DATA: C2190025
12/30/2021 11:50:53 - INFO     : SCAN DATA: C2190025
12/30/2021 11:50:54 - INFO     : SCAN DATA: C2190025
12/30/2021 11:50:54 - INFO     : SCAN DATA: C2190025
12/30/2021 11:50:55 - INFO     : SCAN DATA: C2190025
12/30/2021 11:50:56 - INFO     : SCAN DATA: C2190025
12/30/2021 11:50:56 - INFO     : SCAN DATA: C2190025
12/30/2021 11:50:57 - INFO     : SCAN DATA: C2190025
12/30/2021 11:50:58 - INFO     : SCAN DATA: C2190025
12/30/2021 11:51:00 - INFO     : SCAN DATA: C2190025
12/30/2021 11:51:03 - INFO     : SCAN DATA: C2190025
12/30/2021 11:51:03 - INFO     : SCAN DATA: C2190025
12/30/2021 11:51:04 - INFO     : SCAN DATA: C2190025
12/30/2021 11:51:05 - INFO     : SCAN DATA: C2190025
12/30/2021 11:51:06 - INFO     : SCAN DATA: C2190025
12/30/2021 11:51:06 - INFO     : SCAN DATA: C2190025
12/30/2021 11:51:07 - INFO     : SCAN DATA: C2190025
12/30/2021 11:51:08 - INFO     : SCAN DATA: C2190025
12/30/2021 11:51:09 - INFO     : SCAN DATA: C2190025
12/30/2021 11:51:10 - INFO     : SCAN DATA: C2190025
12/30/2021 11:51:15 - INFO     : SCAN DATA: C2190025
12/30/2021 11:54:21 - INFO     : SCAN DATA: C2190025
12/30/2021 11:54:21 - INFO     : SCAN DATA: C2190025
12/30/2021 11:54:22 - INFO     : SCAN DATA: C2190025
12/30/2021 11:54:23 - INFO     : SCAN DATA: C2190025
12/30/2021 11:54:23 - INFO     : SCAN DATA: C2190025
12/30/2021 11:54:24 - INFO     : SCAN DATA: C2190025
12/30/2021 11:54:25 - INFO     : SCAN DATA: C2190025
12/30/2021 11:54:25 - INFO     : SCAN DATA: C2190025
12/30/2021 11:54:26 - INFO     : SCAN DATA: C2190025
12/30/2021 11:54:27 - INFO     : SCAN DATA: C2190025
12/30/2021 11:56:26 - INFO     : SCAN DATA: C2190025
12/30/2021 11:56:28 - INFO     : SCAN DATA: C2190025
12/30/2021 11:56:29 - INFO     : SCAN DATA: C2190025
12/30/2021 11:56:30 - INFO     : SCAN DATA: C2190025
12/30/2021 11:56:34 - INFO     : SCAN DATA: C2190025
12/30/2021 11:56:35 - INFO     : SCAN DATA: C2190025
12/30/2021 11:56:35 - INFO     : SCAN DATA: C2190025
12/30/2021 11:56:36 - INFO     : SCAN DATA: C2190025
12/30/2021 12:03:21 - INFO     : SCAN DATA: C2190025
12/30/2021 12:03:22 - INFO     : SCAN DATA: C2190025
12/30/2021 12:03:23 - INFO     : SCAN DATA: C2190025
12/30/2021 12:03:24 - INFO     : SCAN DATA: C2190025
12/30/2021 12:03:25 - INFO     : SCAN DATA: C2190025
12/30/2021 12:03:25 - INFO     : SCAN DATA: C2190025
12/30/2021 12:03:26 - INFO     : SCAN DATA: C2190025
12/30/2021 12:03:27 - INFO     : SCAN DATA: C2190025
12/30/2021 12:03:27 - INFO     : SCAN DATA: C2190025
12/30/2021 12:03:28 - INFO     : SCAN DATA: C2190025
12/30/2021 14:57:58 - INFO     : SCAN DATA: C2190025
12/30/2021 14:58:00 - INFO     : SCAN DATA: C2190025
12/30/2021 14:58:00 - INFO     : SCAN DATA: C2190025
12/30/2021 14:58:01 - INFO     : SCAN DATA: C2190025
12/30/2021 14:58:02 - INFO     : SCAN DATA: C2190025
12/30/2021 14:58:03 - INFO     : SCAN DATA: C2190025
12/30/2021 14:58:03 - INFO     : SCAN DATA: C2190025
12/30/2021 14:58:04 - INFO     : SCAN DATA: C2190025
12/30/2021 14:58:05 - INFO     : SCAN DATA: C2190025
12/30/2021 14:58:05 - INFO     : SCAN DATA: C2190025
12/30/2021 15:17:51 - INFO     : SCAN DATA: C2190025
12/30/2021 15:17:51 - INFO     : SCAN DATA: C2190025
12/30/2021 15:17:52 - INFO     : SCAN DATA: C2190025
12/30/2021 15:17:53 - INFO     : SCAN DATA: C2190025
12/30/2021 15:17:53 - INFO     : SCAN DATA: C2190025
12/30/2021 15:17:54 - INFO     : SCAN DATA: C2190025
12/30/2021 15:17:56 - INFO     : SCAN DATA: C2190025
12/30/2021 15:17:57 - INFO     : SCAN DATA: C2190025
12/30/2021 15:18:03 - INFO     : SCAN DATA: C2190025
12/30/2021 15:18:37 - INFO     : SCAN DATA: C2190025
12/30/2021 15:19:38 - INFO     : SCAN DATA: C2190025
12/30/2021 15:19:39 - INFO     : SCAN DATA: C2190025
12/30/2021 15:19:40 - INFO     : SCAN DATA: C2190025
12/30/2021 15:19:40 - INFO     : SCAN DATA: C2190025
12/30/2021 15:19:41 - INFO     : SCAN DATA: C2190025
12/30/2021 15:19:41 - INFO     : SCAN DATA: C2190025
12/30/2021 15:19:42 - INFO     : SCAN DATA: C2190025
12/30/2021 15:19:42 - INFO     : SCAN DATA: C2190025
12/30/2021 15:19:43 - INFO     : SCAN DATA: C2190025
12/30/2021 15:19:46 - INFO     : SCAN DATA: C2190025
12/30/2021 16:10:41 - INFO     : SCAN DATA: C2190025
12/30/2021 16:10:55 - INFO     : SCAN DATA: C2190025
12/30/2021 16:10:56 - INFO     : SCAN DATA: C2190025
12/30/2021 16:10:57 - INFO     : SCAN DATA: C2190025
12/30/2021 16:10:58 - INFO     : SCAN DATA: C2190025
12/30/2021 16:10:58 - INFO     : SCAN DATA: C2190025
12/30/2021 16:10:59 - INFO     : SCAN DATA: C2190025
12/30/2021 16:11:00 - INFO     : SCAN DATA: C2190025
12/30/2021 16:11:01 - INFO     : SCAN DATA: C2190025
12/30/2021 16:11:01 - INFO     : SCAN DATA: C2190025
12/30/2021 16:18:37 - INFO     : SCAN DATA: C2190025
12/30/2021 16:18:39 - INFO     : SCAN DATA: C2190025
12/30/2021 16:18:40 - INFO     : SCAN DATA: C2190025
12/30/2021 16:18:41 - INFO     : SCAN DATA: C2190025
12/30/2021 16:18:42 - INFO     : SCAN DATA: C2190025
12/30/2021 16:18:42 - INFO     : SCAN DATA: C2190025
12/30/2021 16:18:43 - INFO     : SCAN DATA: C2190025
12/30/2021 16:18:44 - INFO     : SCAN DATA: C2190025
12/30/2021 18:03:37 - INFO     : SCAN DATA: C2190025
12/31/2021 15:22:33 - INFO     : Init Btw Engine: 打印引擎加载成功
12/31/2021 15:23:59 - INFO     : Init Btw Engine: 打印引擎加载成功
12/31/2021 15:54:36 - INFO     : Init Btw Engine: 打印引擎加载成功
12/31/2021 16:07:45 - INFO     : Init Btw Engine: 打印引擎加载成功
12/31/2021 16:16:21 - INFO     : Init Btw Engine: 打印引擎加载成功
12/31/2021 16:24:46 - INFO     : Init Btw Engine: 打印引擎加载成功
12/31/2021 16:27:15 - INFO     : Init Btw Engine: 打印引擎加载成功
12/31/2021 16:27:59 - INFO     : 外箱标签打印：Success， 打印参数：{'FH_CODE': 'F01SDH2111002168', 'ZX_CODE': 'C20211230BcpjMk', 'BOX_QTY': 1, 'BOX_SIZE': ''}
12/31/2021 16:28:04 - INFO     : 外箱标签打印：Success， 打印参数：{'SDHNUM': 'F01SDH2111002168', 'STOFCY': 'F01', 'DLVDAT': '2021-11-22 00:00:00', 'ITMREF': 'P0034227', 'SOHNUM': 'F01SON2112000166', 'STU': 'EA', 'QTYSTU': 524, 'LOT': 'C2190025', 'WRH': 'W0110', 'LOC': 'W10001', 'BPCNAM': 'LEED International Co., Limited', 'XITMNUM': 'DWG9600012/CP0040001', 'ITMDES1': '一次性使用球囊扩充压力泵', 'ITMDES2': 'BM-BID-I30', 'QTY': 1, 'USRFLD2': '2024-9-9'}
12/31/2021 16:32:42 - INFO     : 外箱标签打印：Success， 打印参数：{'FH_CODE': 'F01SDH2111002168', 'ZX_CODE': 'C20211230BcpjMk', 'BOX_QTY': 1, 'BOX_SIZE': ''}
12/31/2021 16:32:44 - INFO     : 外箱标签打印：Failure， 打印参数：{'SDHNUM': 'F01SDH2111002168', 'STOFCY': 'F01', 'DLVDAT': '2021-11-22 00:00:00', 'ITMREF': 'P0034227', 'SOHNUM': 'F01SON2112000166', 'STU': 'EA', 'QTYSTU': 524, 'LOT': 'C2190025', 'WRH': 'W0110', 'LOC': 'W10001', 'BPCNAM': 'LEED International Co., Limited', 'XITMNUM': 'DWG9600012/CP0040001', 'ITMDES1': '一次性使用球囊扩充压力泵', 'ITMDES2': 'BM-BID-I30', 'QTY': 1, 'USRFLD2': '2024-9-9'}
12/31/2021 16:34:38 - INFO     : Init Btw Engine: 打印引擎加载成功
12/31/2021 16:34:53 - INFO     : 外箱标签打印：Success, 打印参数：{'FH_CODE': 'F01SDH2111002168', 'ZX_CODE': 'C20211230BcpjMk', 'BOX_QTY': 1, 'BOX_SIZE': ''}
12/31/2021 16:34:58 - INFO     : 外箱标签打印：Success, 打印参数：{'SDHNUM': 'F01SDH2111002168', 'STOFCY': 'F01', 'DLVDAT': '2021-11-22 00:00:00', 'ITMREF': 'P0034227', 'SOHNUM': 'F01SON2112000166', 'STU': 'EA', 'QTYSTU': 524, 'LOT': 'C2190025', 'WRH': 'W0110', 'LOC': 'W10001', 'BPCNAM': 'LEED International Co., Limited', 'XITMNUM': 'DWG9600012/CP0040001', 'ITMDES1': '一次性使用球囊扩充压力泵', 'ITMDES2': 'BM-BID-I30', 'QTY': 1, 'USRFLD2': '2024-9-9'}
12/31/2021 16:38:35 - INFO     : Init Btw Engine: 打印引擎加载成功
12/31/2021 16:38:56 - INFO     : 外箱标签打印：Success, 打印参数：{'FH_CODE': 'F01SDH2111002168', 'ZX_CODE': 'C20211230BcpjMk', 'BOX_QTY': '1', 'BOX_SIZE': ''}
12/31/2021 16:39:01 - INFO     : 外箱标签打印：Success, 打印参数：{'SDHNUM': 'F01SDH2111002168', 'STOFCY': 'F01', 'DLVDAT': '2021-11-22 00:00:00', 'ITMREF': 'P0034227', 'SOHNUM': 'F01SON2112000166', 'STU': 'EA', 'QTYSTU': '524', 'LOT': 'C2190025', 'WRH': 'W0110', 'LOC': 'W10001', 'BPCNAM': 'LEED International Co., Limited', 'XITMNUM': 'DWG9600012/CP0040001', 'ITMDES1': '一次性使用球囊扩充压力泵', 'ITMDES2': 'BM-BID-I30', 'QTY': '1', 'USRFLD2': '2024-9-9'}
12/31/2021 16:48:41 - INFO     : Init Btw Engine: 打印引擎加载成功
12/31/2021 16:49:47 - INFO     : Init Btw Engine: 打印引擎加载成功
12/31/2021 16:50:03 - INFO     : 装箱明细标签打印：Success, 打印参数：{'SDHNUM': 'F01SDH2111002168', 'STOFCY': 'F01', 'DLVDAT': '2021-11-22 00:00:00', 'ITMREF': 'P0034227', 'SOHNUM': 'F01SON2112000166', 'STU': 'EA', 'QTYSTU': '524', 'LOT': 'C2190025', 'WRH': 'W0110', 'LOC': 'W10001', 'BPCNAM': 'LEED International Co., Limited', 'XITMNUM': 'DWG9600012/CP0040001', 'ITMDES1': '一次性使用球囊扩充压力泵', 'ITMDES2': 'BM-BID-I30', 'QTY': '1', 'USRFLD2': '2024-9-9'}
12/31/2021 16:50:37 - INFO     : SCAN DATA: C2190025
12/31/2021 16:50:38 - INFO     : SCAN DATA: C2190025
12/31/2021 16:50:39 - INFO     : SCAN DATA: C2190025
12/31/2021 16:50:39 - INFO     : SCAN DATA: C2190025
12/31/2021 16:50:40 - INFO     : SCAN DATA: C2190025
12/31/2021 16:50:41 - INFO     : SCAN DATA: C2190025
12/31/2021 16:50:41 - INFO     : SCAN DATA: C2190025
12/31/2021 16:50:42 - INFO     : SCAN DATA: C2190025
12/31/2021 16:50:42 - INFO     : SCAN DATA: C2190025
12/31/2021 16:50:43 - INFO     : SCAN DATA: C2190025
12/31/2021 16:50:44 - INFO     : SCAN DATA: C2190025
12/31/2021 16:50:45 - INFO     : SCAN DATA: C2190025
12/31/2021 16:50:45 - INFO     : SCAN DATA: C2190025
12/31/2021 16:50:46 - INFO     : SCAN DATA: C2190025
12/31/2021 16:50:47 - INFO     : SCAN DATA: C2190025
12/31/2021 16:50:49 - INFO     : SCAN DATA: C2190025
12/31/2021 16:50:50 - INFO     : SCAN DATA: C2190025
12/31/2021 16:50:50 - INFO     : SCAN DATA: C2190025
12/31/2021 16:50:51 - INFO     : SCAN DATA: C2190025
12/31/2021 16:50:52 - INFO     : SCAN DATA: C2190025
12/31/2021 16:50:52 - INFO     : SCAN DATA: C2190025
12/31/2021 16:50:53 - INFO     : SCAN DATA: C2190025
12/31/2021 16:50:53 - INFO     : SCAN DATA: C2190025
12/31/2021 16:50:54 - INFO     : SCAN DATA: C2190025
12/31/2021 16:50:54 - INFO     : SCAN DATA: C2190025
12/31/2021 16:50:55 - INFO     : SCAN DATA: C2190025
12/31/2021 16:50:55 - INFO     : SCAN DATA: C2190025
12/31/2021 16:50:56 - INFO     : SCAN DATA: C2190025
12/31/2021 16:50:56 - INFO     : SCAN DATA: C2190025
12/31/2021 16:50:57 - INFO     : SCAN DATA: C2190025
12/31/2021 16:50:58 - INFO     : SCAN DATA: C2190025
12/31/2021 16:50:58 - INFO     : SCAN DATA: C2190025
12/31/2021 16:50:59 - INFO     : SCAN DATA: C2190025
12/31/2021 16:50:59 - INFO     : SCAN DATA: C2190025
12/31/2021 16:51:00 - INFO     : SCAN DATA: C2190025
12/31/2021 16:51:00 - INFO     : SCAN DATA: C2190025
12/31/2021 16:51:01 - INFO     : SCAN DATA: C2190025
12/31/2021 16:51:01 - INFO     : SCAN DATA: C2190025
12/31/2021 16:51:02 - INFO     : SCAN DATA: C2190025
12/31/2021 16:51:03 - INFO     : SCAN DATA: C2190025
12/31/2021 16:51:03 - INFO     : SCAN DATA: C2190025
12/31/2021 16:51:04 - INFO     : SCAN DATA: C2190025
12/31/2021 16:51:04 - INFO     : SCAN DATA: C2190025
12/31/2021 16:51:05 - INFO     : SCAN DATA: C2190025
12/31/2021 16:51:06 - INFO     : SCAN DATA: C2190025
12/31/2021 16:51:06 - INFO     : SCAN DATA: C2190025
12/31/2021 16:51:07 - INFO     : SCAN DATA: C2190025
12/31/2021 16:51:07 - INFO     : SCAN DATA: C2190025
12/31/2021 16:51:08 - INFO     : SCAN DATA: C2190025
12/31/2021 16:51:08 - INFO     : SCAN DATA: C2190025
12/31/2021 16:51:09 - INFO     : SCAN DATA: C2190025
12/31/2021 16:51:10 - INFO     : SCAN DATA: C2190025
12/31/2021 16:51:11 - INFO     : SCAN DATA: C2190025
12/31/2021 16:51:11 - INFO     : SCAN DATA: C2190025
12/31/2021 16:51:12 - INFO     : SCAN DATA: C2190025
12/31/2021 16:51:13 - INFO     : SCAN DATA: C2190025
12/31/2021 16:51:13 - INFO     : SCAN DATA: C2190025
12/31/2021 16:51:14 - INFO     : SCAN DATA: C2190025
12/31/2021 16:51:15 - INFO     : SCAN DATA: C2190025
12/31/2021 16:51:15 - INFO     : SCAN DATA: C2190025
12/31/2021 16:51:16 - INFO     : SCAN DATA: C2190025
12/31/2021 16:51:16 - INFO     : SCAN DATA: C2190025
12/31/2021 16:51:16 - INFO     : SCAN DATA: C2190025
12/31/2021 16:51:17 - INFO     : SCAN DATA: C2190025
12/31/2021 16:51:17 - INFO     : SCAN DATA: C2190025
12/31/2021 16:51:18 - INFO     : SCAN DATA: C2190025
12/31/2021 16:51:18 - INFO     : SCAN DATA: C2190025
12/31/2021 16:51:18 - INFO     : SCAN DATA: C2190025
12/31/2021 16:51:19 - INFO     : SCAN DATA: C2190025
12/31/2021 16:51:19 - INFO     : SCAN DATA: C2190025
12/31/2021 16:51:19 - INFO     : SCAN DATA: C2190025
12/31/2021 16:51:19 - INFO     : SCAN DATA: C2190025
12/31/2021 16:51:20 - INFO     : SCAN DATA: C2190025
12/31/2021 16:51:20 - INFO     : SCAN DATA: C2190025
12/31/2021 16:51:20 - INFO     : SCAN DATA: C2190025
12/31/2021 16:51:20 - INFO     : SCAN DATA: C2190025
12/31/2021 16:51:21 - INFO     : SCAN DATA: C2190025
12/31/2021 16:51:21 - INFO     : SCAN DATA: C2190025
12/31/2021 16:51:21 - INFO     : SCAN DATA: C2190025
12/31/2021 16:51:21 - INFO     : SCAN DATA: C2190025
12/31/2021 16:51:22 - INFO     : SCAN DATA: C2190025
12/31/2021 16:51:22 - INFO     : SCAN DATA: C2190025
12/31/2021 16:51:22 - INFO     : SCAN DATA: C2190025
12/31/2021 16:51:23 - INFO     : SCAN DATA: C2190025
12/31/2021 16:51:23 - INFO     : SCAN DATA: C2190025
12/31/2021 16:51:23 - INFO     : SCAN DATA: C2190025
12/31/2021 16:51:23 - INFO     : SCAN DATA: C2190025
12/31/2021 16:51:24 - INFO     : SCAN DATA: C2190025
12/31/2021 16:51:24 - INFO     : SCAN DATA: C2190025
12/31/2021 16:51:24 - INFO     : SCAN DATA: C2190025
12/31/2021 16:51:24 - INFO     : SCAN DATA: C2190025
12/31/2021 16:51:25 - INFO     : SCAN DATA: C2190025
12/31/2021 16:51:25 - INFO     : SCAN DATA: C2190025
12/31/2021 16:51:25 - INFO     : SCAN DATA: C2190025
12/31/2021 16:51:26 - INFO     : SCAN DATA: C2190025
12/31/2021 16:51:26 - INFO     : SCAN DATA: C2190025
12/31/2021 16:51:26 - INFO     : SCAN DATA: C2190025
12/31/2021 16:51:29 - INFO     : SCAN DATA: C2190025
12/31/2021 16:51:30 - INFO     : SCAN DATA: C2190025
12/31/2021 16:51:32 - INFO     : SCAN DATA: C2190025
12/31/2021 16:51:39 - INFO     : 外箱标签打印：Success, 打印参数：{'FH_CODE': 'F01SDH2111002168', 'ZX_CODE': 'C211231RpA3WD', 'BOX_QTY': '100', 'BOX_SIZE': '740*520*290mm'}
12/31/2021 16:51:43 - INFO     : 装箱明细标签打印：Success, 打印参数：{'SDHNUM': 'F01SDH2111002168', 'STOFCY': 'F01', 'DLVDAT': '2021-11-22 00:00:00', 'ITMREF': 'P0034227', 'SOHNUM': 'F01SON2112000166', 'STU': 'EA', 'QTYSTU': '524', 'LOT': 'C2190025', 'WRH': 'W0110', 'LOC': 'W10001', 'BPCNAM': 'LEED International Co., Limited', 'XITMNUM': 'DWG9600012/CP0040001', 'ITMDES1': '一次性使用球囊扩充压力泵', 'ITMDES2': 'BM-BID-I30', 'QTY': '100', 'USRFLD2': '2024-9-9'}
12/31/2021 16:56:11 - INFO     : SCAN DATA: C2190025
12/31/2021 16:56:12 - INFO     : SCAN DATA: C2190025
12/31/2021 16:56:12 - INFO     : SCAN DATA: C2190025
12/31/2021 16:56:13 - INFO     : SCAN DATA: C2190025
12/31/2021 16:56:13 - INFO     : SCAN DATA: C2190025
12/31/2021 16:56:14 - INFO     : SCAN DATA: C2190025
12/31/2021 16:56:14 - INFO     : SCAN DATA: C2190025
12/31/2021 16:56:15 - INFO     : SCAN DATA: C2190025
12/31/2021 16:56:15 - INFO     : SCAN DATA: C2190025
12/31/2021 16:56:15 - INFO     : SCAN DATA: C2190025
12/31/2021 16:56:16 - INFO     : SCAN DATA: C2190025
12/31/2021 16:56:16 - INFO     : SCAN DATA: C2190025
12/31/2021 16:56:17 - INFO     : SCAN DATA: C2190025
12/31/2021 16:56:17 - INFO     : SCAN DATA: C2190025
12/31/2021 16:56:17 - INFO     : SCAN DATA: C2190025
12/31/2021 16:56:18 - INFO     : SCAN DATA: C2190025
12/31/2021 16:56:18 - INFO     : SCAN DATA: C2190025
12/31/2021 16:56:18 - INFO     : SCAN DATA: C2190025
12/31/2021 16:56:18 - INFO     : SCAN DATA: C2190025
12/31/2021 16:56:19 - INFO     : SCAN DATA: C2190025
12/31/2021 16:56:19 - INFO     : SCAN DATA: C2190025
12/31/2021 16:56:20 - INFO     : SCAN DATA: C2190025
12/31/2021 16:56:20 - INFO     : SCAN DATA: C2190025
12/31/2021 16:56:20 - INFO     : SCAN DATA: C2190025
12/31/2021 16:56:20 - INFO     : SCAN DATA: C2190025
12/31/2021 16:56:20 - INFO     : SCAN DATA: C2190025
12/31/2021 16:56:21 - INFO     : SCAN DATA: C2190025
12/31/2021 16:56:21 - INFO     : SCAN DATA: C2190025
12/31/2021 16:56:21 - INFO     : SCAN DATA: C2190025
12/31/2021 16:56:22 - INFO     : SCAN DATA: C2190025
12/31/2021 16:56:22 - INFO     : SCAN DATA: C2190025
12/31/2021 16:56:22 - INFO     : SCAN DATA: C2190025
12/31/2021 16:56:22 - INFO     : SCAN DATA: C2190025
12/31/2021 16:56:22 - INFO     : SCAN DATA: C2190025
12/31/2021 16:56:23 - INFO     : SCAN DATA: C2190025
12/31/2021 16:56:23 - INFO     : SCAN DATA: C2190025
12/31/2021 16:56:23 - INFO     : SCAN DATA: C2190025
12/31/2021 16:56:23 - INFO     : SCAN DATA: C2190025
12/31/2021 16:56:23 - INFO     : SCAN DATA: C2190025
12/31/2021 16:56:24 - INFO     : SCAN DATA: C2190025
12/31/2021 16:56:24 - INFO     : SCAN DATA: C2190025
12/31/2021 16:56:24 - INFO     : SCAN DATA: C2190025
12/31/2021 16:56:24 - INFO     : SCAN DATA: C2190025
12/31/2021 16:56:25 - INFO     : SCAN DATA: C2190025
12/31/2021 16:56:25 - INFO     : SCAN DATA: C2190025
12/31/2021 16:56:25 - INFO     : SCAN DATA: C2190025
12/31/2021 16:56:25 - INFO     : SCAN DATA: C2190025
12/31/2021 16:56:25 - INFO     : SCAN DATA: C2190025
12/31/2021 16:56:26 - INFO     : SCAN DATA: C2190025
12/31/2021 16:56:26 - INFO     : SCAN DATA: C2190025
12/31/2021 16:56:26 - INFO     : SCAN DATA: C2190025
12/31/2021 16:56:26 - INFO     : SCAN DATA: C2190025
12/31/2021 16:56:27 - INFO     : SCAN DATA: C2190025
12/31/2021 16:56:27 - INFO     : SCAN DATA: C2190025
12/31/2021 16:56:27 - INFO     : SCAN DATA: C2190025
12/31/2021 16:56:27 - INFO     : SCAN DATA: C2190025
12/31/2021 16:56:28 - INFO     : SCAN DATA: C2190025
12/31/2021 16:56:28 - INFO     : SCAN DATA: C2190025
12/31/2021 16:56:28 - INFO     : SCAN DATA: C2190025
12/31/2021 16:56:28 - INFO     : SCAN DATA: C2190025
12/31/2021 16:56:28 - INFO     : SCAN DATA: C2190025
12/31/2021 16:56:29 - INFO     : SCAN DATA: C2190025
12/31/2021 16:56:29 - INFO     : SCAN DATA: C2190025
12/31/2021 16:56:29 - INFO     : SCAN DATA: C2190025
12/31/2021 16:56:29 - INFO     : SCAN DATA: C2190025
12/31/2021 16:56:30 - INFO     : SCAN DATA: C2190025
12/31/2021 16:56:30 - INFO     : SCAN DATA: C2190025
12/31/2021 16:56:30 - INFO     : SCAN DATA: C2190025
12/31/2021 16:56:30 - INFO     : SCAN DATA: C2190025
12/31/2021 16:56:31 - INFO     : SCAN DATA: C2190025
12/31/2021 16:56:31 - INFO     : SCAN DATA: C2190025
12/31/2021 16:56:31 - INFO     : SCAN DATA: C2190025
12/31/2021 16:56:31 - INFO     : SCAN DATA: C2190025
12/31/2021 16:56:32 - INFO     : SCAN DATA: C2190025
12/31/2021 16:56:32 - INFO     : SCAN DATA: C2190025
12/31/2021 16:56:32 - INFO     : SCAN DATA: C2190025
12/31/2021 16:56:32 - INFO     : SCAN DATA: C2190025
12/31/2021 16:56:33 - INFO     : SCAN DATA: C2190025
12/31/2021 16:56:33 - INFO     : SCAN DATA: C2190025
12/31/2021 16:56:33 - INFO     : SCAN DATA: C2190025
12/31/2021 16:56:34 - INFO     : SCAN DATA: C2190025
12/31/2021 16:56:34 - INFO     : SCAN DATA: C2190025
12/31/2021 16:56:34 - INFO     : SCAN DATA: C2190025
12/31/2021 16:56:34 - INFO     : SCAN DATA: C2190025
12/31/2021 16:56:35 - INFO     : SCAN DATA: C2190025
12/31/2021 16:56:35 - INFO     : SCAN DATA: C2190025
12/31/2021 16:56:36 - INFO     : SCAN DATA: C2190025
12/31/2021 16:56:37 - INFO     : SCAN DATA: C2190025
12/31/2021 16:56:37 - INFO     : SCAN DATA: C2190025
12/31/2021 16:56:38 - INFO     : SCAN DATA: C2190025
12/31/2021 16:56:39 - INFO     : SCAN DATA: C2190025
12/31/2021 16:56:39 - INFO     : SCAN DATA: C2190025
12/31/2021 16:56:40 - INFO     : SCAN DATA: C2190025
12/31/2021 16:56:40 - INFO     : SCAN DATA: C2190025
12/31/2021 16:56:40 - INFO     : SCAN DATA: C2190025
12/31/2021 16:56:41 - INFO     : SCAN DATA: C2190025
12/31/2021 16:56:41 - INFO     : SCAN DATA: C2190025
12/31/2021 16:56:42 - INFO     : SCAN DATA: C2190025
12/31/2021 16:56:42 - INFO     : SCAN DATA: C2190025
12/31/2021 16:56:42 - INFO     : SCAN DATA: C2190025
12/31/2021 16:56:44 - INFO     : 外箱标签打印：Success, 打印参数：{'FH_CODE': 'F01SDH2111002168', 'ZX_CODE': 'C211231wANLmy', 'BOX_QTY': '100', 'BOX_SIZE': '740*520*290mm'}
12/31/2021 16:56:49 - INFO     : 装箱明细标签打印：Success, 打印参数：{'SDHNUM': 'F01SDH2111002168', 'STOFCY': 'F01', 'DLVDAT': '2021-11-22 00:00:00', 'ITMREF': 'P0034227', 'SOHNUM': 'F01SON2112000166', 'STU': 'EA', 'QTYSTU': '524', 'LOT': 'C2190025', 'WRH': 'W0110', 'LOC': 'W10001', 'BPCNAM': 'LEED International Co., Limited', 'XITMNUM': 'DWG9600012/CP0040001', 'ITMDES1': '一次性使用球囊扩充压力泵', 'ITMDES2': 'BM-BID-I30', 'QTY': '100', 'USRFLD2': '2024-9-9'}
12/31/2021 16:57:15 - INFO     : SCAN DATA: C2190025
12/31/2021 16:57:16 - INFO     : SCAN DATA: C2190025
12/31/2021 16:57:16 - INFO     : SCAN DATA: C2190025
12/31/2021 16:57:16 - INFO     : SCAN DATA: C2190025
12/31/2021 16:57:17 - INFO     : SCAN DATA: C2190025
12/31/2021 16:57:17 - INFO     : SCAN DATA: C2190025
12/31/2021 16:57:17 - INFO     : SCAN DATA: C2190025
12/31/2021 16:57:18 - INFO     : SCAN DATA: C2190025
12/31/2021 16:57:18 - INFO     : SCAN DATA: C2190025
12/31/2021 16:57:18 - INFO     : SCAN DATA: C2190025
12/31/2021 16:57:18 - INFO     : SCAN DATA: C2190025
12/31/2021 16:57:18 - INFO     : SCAN DATA: C2190025
12/31/2021 16:57:19 - INFO     : SCAN DATA: C2190025
12/31/2021 16:57:19 - INFO     : SCAN DATA: C2190025
12/31/2021 16:57:19 - INFO     : SCAN DATA: C2190025
12/31/2021 16:57:19 - INFO     : SCAN DATA: C2190025
12/31/2021 16:57:19 - INFO     : SCAN DATA: C2190025
12/31/2021 16:57:20 - INFO     : SCAN DATA: C2190025
12/31/2021 16:57:20 - INFO     : SCAN DATA: C2190025
12/31/2021 16:57:21 - INFO     : SCAN DATA: C2190025
12/31/2021 16:57:21 - INFO     : SCAN DATA: C2190025
12/31/2021 16:57:21 - INFO     : SCAN DATA: C2190025
12/31/2021 16:57:22 - INFO     : SCAN DATA: C2190025
12/31/2021 16:57:22 - INFO     : SCAN DATA: C2190025
12/31/2021 16:57:22 - INFO     : SCAN DATA: C2190025
12/31/2021 16:57:23 - INFO     : SCAN DATA: C2190025
12/31/2021 16:57:23 - INFO     : SCAN DATA: C2190025
12/31/2021 16:57:23 - INFO     : SCAN DATA: C2190025
12/31/2021 16:57:23 - INFO     : SCAN DATA: C2190025
12/31/2021 16:57:23 - INFO     : SCAN DATA: C2190025
12/31/2021 16:57:24 - INFO     : SCAN DATA: C2190025
12/31/2021 16:57:24 - INFO     : SCAN DATA: C2190025
12/31/2021 16:57:24 - INFO     : SCAN DATA: C2190025
12/31/2021 16:57:24 - INFO     : SCAN DATA: C2190025
12/31/2021 16:57:24 - INFO     : SCAN DATA: C2190025
12/31/2021 16:57:25 - INFO     : SCAN DATA: C2190025
12/31/2021 16:57:25 - INFO     : SCAN DATA: C2190025
12/31/2021 16:57:25 - INFO     : SCAN DATA: C2190025
12/31/2021 16:57:25 - INFO     : SCAN DATA: C2190025
12/31/2021 16:57:26 - INFO     : SCAN DATA: C2190025
12/31/2021 16:57:26 - INFO     : SCAN DATA: C2190025
12/31/2021 16:57:26 - INFO     : SCAN DATA: C2190025
12/31/2021 16:57:26 - INFO     : SCAN DATA: C2190025
12/31/2021 16:57:27 - INFO     : SCAN DATA: C2190025
12/31/2021 16:57:27 - INFO     : SCAN DATA: C2190025
12/31/2021 16:57:28 - INFO     : SCAN DATA: C2190025
12/31/2021 16:57:28 - INFO     : SCAN DATA: C2190025
12/31/2021 16:57:28 - INFO     : SCAN DATA: C2190025
12/31/2021 16:57:28 - INFO     : SCAN DATA: C2190025
12/31/2021 16:57:29 - INFO     : SCAN DATA: C2190025
12/31/2021 16:57:29 - INFO     : SCAN DATA: C2190025
12/31/2021 16:57:29 - INFO     : SCAN DATA: C2190025
12/31/2021 16:57:30 - INFO     : SCAN DATA: C2190025
12/31/2021 16:57:30 - INFO     : SCAN DATA: C2190025
12/31/2021 16:57:30 - INFO     : SCAN DATA: C2190025
12/31/2021 16:57:30 - INFO     : SCAN DATA: C2190025
12/31/2021 16:57:31 - INFO     : SCAN DATA: C2190025
12/31/2021 16:57:31 - INFO     : SCAN DATA: C2190025
12/31/2021 16:57:31 - INFO     : SCAN DATA: C2190025
12/31/2021 16:57:32 - INFO     : SCAN DATA: C2190025
12/31/2021 16:57:32 - INFO     : SCAN DATA: C2190025
12/31/2021 16:57:32 - INFO     : SCAN DATA: C2190025
12/31/2021 16:57:33 - INFO     : SCAN DATA: C2190025
12/31/2021 16:57:33 - INFO     : SCAN DATA: C2190025
12/31/2021 16:57:33 - INFO     : SCAN DATA: C2190025
12/31/2021 16:57:33 - INFO     : SCAN DATA: C2190025
12/31/2021 16:57:34 - INFO     : SCAN DATA: C2190025
12/31/2021 16:57:34 - INFO     : SCAN DATA: C2190025
12/31/2021 16:57:34 - INFO     : SCAN DATA: C2190025
12/31/2021 16:57:35 - INFO     : SCAN DATA: C2190025
12/31/2021 16:57:35 - INFO     : SCAN DATA: C2190025
12/31/2021 16:57:35 - INFO     : SCAN DATA: C2190025
12/31/2021 16:57:35 - INFO     : SCAN DATA: C2190025
12/31/2021 16:57:36 - INFO     : SCAN DATA: C2190025
12/31/2021 16:57:36 - INFO     : SCAN DATA: C2190025
12/31/2021 16:57:36 - INFO     : SCAN DATA: C2190025
12/31/2021 16:57:37 - INFO     : SCAN DATA: C2190025
12/31/2021 16:57:37 - INFO     : SCAN DATA: C2190025
12/31/2021 16:57:37 - INFO     : SCAN DATA: C2190025
12/31/2021 16:57:38 - INFO     : SCAN DATA: C2190025
12/31/2021 16:57:38 - INFO     : SCAN DATA: C2190025
12/31/2021 16:57:38 - INFO     : SCAN DATA: C2190025
12/31/2021 16:57:39 - INFO     : SCAN DATA: C2190025
12/31/2021 16:57:39 - INFO     : SCAN DATA: C2190025
12/31/2021 16:57:39 - INFO     : SCAN DATA: C2190025
12/31/2021 16:57:40 - INFO     : SCAN DATA: C2190025
12/31/2021 16:57:40 - INFO     : SCAN DATA: C2190025
12/31/2021 16:57:40 - INFO     : SCAN DATA: C2190025
12/31/2021 16:57:40 - INFO     : SCAN DATA: C2190025
12/31/2021 16:57:41 - INFO     : SCAN DATA: C2190025
12/31/2021 16:57:41 - INFO     : SCAN DATA: C2190025
12/31/2021 16:57:42 - INFO     : SCAN DATA: C2190025
12/31/2021 16:57:42 - INFO     : SCAN DATA: C2190025
12/31/2021 16:57:43 - INFO     : SCAN DATA: C2190025
12/31/2021 16:57:43 - INFO     : SCAN DATA: C2190025
12/31/2021 16:57:44 - INFO     : SCAN DATA: C2190025
12/31/2021 16:57:44 - INFO     : SCAN DATA: C2190025
12/31/2021 16:57:44 - INFO     : SCAN DATA: C2190025
12/31/2021 16:57:45 - INFO     : SCAN DATA: C2190025
12/31/2021 16:57:45 - INFO     : SCAN DATA: C2190025
12/31/2021 16:57:55 - INFO     : 外箱标签打印：Success, 打印参数：{'FH_CODE': 'F01SDH2111002168', 'ZX_CODE': 'C211231Iq35H3', 'BOX_QTY': '100', 'BOX_SIZE': '740*520*290mm'}
12/31/2021 16:58:01 - INFO     : 装箱明细标签打印：Success, 打印参数：{'SDHNUM': 'F01SDH2111002168', 'STOFCY': 'F01', 'DLVDAT': '2021-11-22 00:00:00', 'ITMREF': 'P0034227', 'SOHNUM': 'F01SON2112000166', 'STU': 'EA', 'QTYSTU': '524', 'LOT': 'C2190025', 'WRH': 'W0110', 'LOC': 'W10001', 'BPCNAM': 'LEED International Co., Limited', 'XITMNUM': 'DWG9600012/CP0040001', 'ITMDES1': '一次性使用球囊扩充压力泵', 'ITMDES2': 'BM-BID-I30', 'QTY': '100', 'USRFLD2': '2024-9-9'}
12/31/2021 16:58:05 - INFO     : SCAN DATA: C2190025
12/31/2021 16:58:05 - INFO     : SCAN DATA: C2190025
12/31/2021 16:58:06 - INFO     : SCAN DATA: C2190025
12/31/2021 16:58:06 - INFO     : SCAN DATA: C2190025
12/31/2021 16:58:06 - INFO     : SCAN DATA: C2190025
12/31/2021 16:58:07 - INFO     : SCAN DATA: C2190025
12/31/2021 16:58:07 - INFO     : SCAN DATA: C2190025
12/31/2021 16:58:07 - INFO     : SCAN DATA: C2190025
12/31/2021 16:58:08 - INFO     : SCAN DATA: C2190025
12/31/2021 16:58:08 - INFO     : SCAN DATA: C2190025
12/31/2021 16:58:08 - INFO     : SCAN DATA: C2190025
12/31/2021 16:58:08 - INFO     : SCAN DATA: C2190025
12/31/2021 16:58:08 - INFO     : SCAN DATA: C2190025
12/31/2021 16:58:09 - INFO     : SCAN DATA: C2190025
12/31/2021 16:58:09 - INFO     : SCAN DATA: C2190025
12/31/2021 16:58:09 - INFO     : SCAN DATA: C2190025
12/31/2021 16:58:09 - INFO     : SCAN DATA: C2190025
12/31/2021 16:58:10 - INFO     : SCAN DATA: C2190025
12/31/2021 16:58:10 - INFO     : SCAN DATA: C2190025
12/31/2021 16:58:10 - INFO     : SCAN DATA: C2190025
12/31/2021 16:58:10 - INFO     : SCAN DATA: C2190025
12/31/2021 16:58:11 - INFO     : SCAN DATA: C2190025
12/31/2021 16:58:11 - INFO     : SCAN DATA: C2190025
12/31/2021 16:58:11 - INFO     : SCAN DATA: C2190025
12/31/2021 16:58:11 - INFO     : SCAN DATA: C2190025
12/31/2021 16:58:12 - INFO     : SCAN DATA: C2190025
12/31/2021 16:58:12 - INFO     : SCAN DATA: C2190025
12/31/2021 16:58:12 - INFO     : SCAN DATA: C2190025
12/31/2021 16:58:12 - INFO     : SCAN DATA: C2190025
12/31/2021 16:58:13 - INFO     : SCAN DATA: C2190025
12/31/2021 16:58:14 - INFO     : SCAN DATA: C2190025
12/31/2021 16:58:15 - INFO     : SCAN DATA: C2190025
12/31/2021 16:58:15 - INFO     : SCAN DATA: C2190025
12/31/2021 16:58:15 - INFO     : SCAN DATA: C2190025
12/31/2021 16:58:16 - INFO     : SCAN DATA: C2190025
12/31/2021 16:58:16 - INFO     : SCAN DATA: C2190025
12/31/2021 16:58:16 - INFO     : SCAN DATA: C2190025
12/31/2021 16:58:17 - INFO     : SCAN DATA: C2190025
12/31/2021 16:58:17 - INFO     : SCAN DATA: C2190025
12/31/2021 16:58:17 - INFO     : SCAN DATA: C2190025
12/31/2021 16:58:17 - INFO     : SCAN DATA: C2190025
12/31/2021 16:58:19 - INFO     : SCAN DATA: C2190025
12/31/2021 17:06:49 - INFO     : Init Btw Engine: 打印引擎加载成功
12/31/2021 17:07:06 - INFO     : 重置发货单F01SDH2111002168 成功！
12/31/2021 17:07:06 - INFO     : 从服务器加载发货单F01SDH2111002168成功：[{'SDHNUM_0': 'F01SDH2111002168', 'STOFCY_0': 'F01', 'DLVDAT_0': datetime.datetime(2021, 11, 22, 0, 0), 'SDDLIN_0': 4000, 'ITMREF_0': 'P0034227', 'SOHNUM_0': 'F01SON2112000166', 'STU_0': 'EA', 'QTYSTU_0': Decimal('524.0000000000000'), 'LOT_0': 'C2190025', 'WRH_0': 'W0110', 'LOC_0': 'W10001', 'BPCNAM_0': 'LEED International Co., Limited', 'XITMNUM_0': 'DWG9600012/CP0040001', 'ITMDES1_0': '一次性使用球囊扩充压力泵', 'ITMDES2_0': 'BM-BID-I30', 'USRFLD2_0': '2024-9-9'}]
12/31/2021 17:07:45 - INFO     : 从服务器加载发货单F01SDH2111002172成功：[{'SDHNUM_0': 'F01SDH2111002172', 'STOFCY_0': 'F01', 'DLVDAT_0': datetime.datetime(2021, 11, 25, 0, 0), 'SDDLIN_0': 8000, 'ITMREF_0': 'P0034227', 'SOHNUM_0': 'CL0820211105A', 'STU_0': 'EA', 'QTYSTU_0': Decimal('524.0000000000000'), 'LOT_0': 'C2190025', 'WRH_0': 'W0110', 'LOC_0': 'W10001', 'BPCNAM_0': 'International Medical Products S.A.', 'XITMNUM_0': 'DWG9600012/CP0040001', 'ITMDES1_0': '一次性使用球囊扩充压力泵', 'ITMDES2_0': 'BM-BID-I30', 'USRFLD2_0': '2024-9-9'}, {'SDHNUM_0': 'F01SDH2111002172', 'STOFCY_0': 'F01', 'DLVDAT_0': datetime.datetime(2021, 11, 25, 0, 0), 'SDDLIN_0': 20000, 'ITMREF_0': 'P0034235', 'SOHNUM_0': 'CL0820211105A', 'STU_0': 'EA', 'QTYSTU_0': Decimal('10.0000000000000'), 'LOT_0': 'C2170053', 'WRH_0': 'W0110', 'LOC_0': 'W10001', 'BPCNAM_0': 'International Medical Products S.A.', 'XITMNUM_0': 'DWG9600002/CP0080002', 'ITMDES1_0': '一次性使用Y型连接器', 'ITMDES2_0': 'BM-HV02', 'USRFLD2_0': '2024/7/28'}, {'SDHNUM_0': 'F01SDH2111002172', 'STOFCY_0': 'F01', 'DLVDAT_0': datetime.datetime(2021, 11, 25, 0, 0), 'SDDLIN_0': 22000, 'ITMREF_0': 'P0034339', 'SOHNUM_0': 'CL0820211105A', 'STU_0': 'EA', 'QTYSTU_0': Decimal('15.0000000000000'), 'LOT_0': 'C21A0025', 'WRH_0': 'W0110', 'LOC_0': 'W10001', 'BPCNAM_0': 'International Medical Products S.A.', 'XITMNUM_0': 'DWG9600301/CP0080004', 'ITMDES1_0': '一次性使用Y型连接器', 'ITMDES2_0': 'BM-HV04', 'USRFLD2_0': '2024/10/18'}, {'SDHNUM_0': 'F01SDH2111002172', 'STOFCY_0': 'F01', 'DLVDAT_0': datetime.datetime(2021, 11, 25, 0, 0), 'SDDLIN_0': 27000, 'ITMREF_0': 'P0034238', 'SOHNUM_0': 'CL0820211105A', 'STU_0': 'EA', 'QTYSTU_0': Decimal('10.0000000000000'), 'LOT_0': 'C2170016', 'WRH_0': 'W0110', 'LOC_0': 'W10001', 'BPCNAM_0': 'International Medical Products S.A.', 'XITMNUM_0': 'DWG9600315/CP0130006', 'ITMDES1_0': '一次性使用连通板', 'ITMDES2_0': 'BM-MF3-ON', 'USRFLD2_0': '2024/7/12'}]
12/31/2021 17:08:05 - INFO     : SCAN DATA: C2170016
12/31/2021 17:08:26 - INFO     : SCAN DATA: C2170016
12/31/2021 17:09:04 - INFO     : 重置发货单F01SDH2111002172 成功！
12/31/2021 17:09:04 - INFO     : 从服务器加载发货单F01SDH2111002172成功：[{'SDHNUM_0': 'F01SDH2111002172', 'STOFCY_0': 'F01', 'DLVDAT_0': datetime.datetime(2021, 11, 25, 0, 0), 'SDDLIN_0': 8000, 'ITMREF_0': 'P0034227', 'SOHNUM_0': 'CL0820211105A', 'STU_0': 'EA', 'QTYSTU_0': Decimal('524.0000000000000'), 'LOT_0': 'C2190025', 'WRH_0': 'W0110', 'LOC_0': 'W10001', 'BPCNAM_0': 'International Medical Products S.A.', 'XITMNUM_0': 'DWG9600012/CP0040001', 'ITMDES1_0': '一次性使用球囊扩充压力泵', 'ITMDES2_0': 'BM-BID-I30', 'USRFLD2_0': '2024-9-9'}, {'SDHNUM_0': 'F01SDH2111002172', 'STOFCY_0': 'F01', 'DLVDAT_0': datetime.datetime(2021, 11, 25, 0, 0), 'SDDLIN_0': 20000, 'ITMREF_0': 'P0034235', 'SOHNUM_0': 'CL0820211105A', 'STU_0': 'EA', 'QTYSTU_0': Decimal('10.0000000000000'), 'LOT_0': 'C2170053', 'WRH_0': 'W0110', 'LOC_0': 'W10001', 'BPCNAM_0': 'International Medical Products S.A.', 'XITMNUM_0': 'DWG9600002/CP0080002', 'ITMDES1_0': '一次性使用Y型连接器', 'ITMDES2_0': 'BM-HV02', 'USRFLD2_0': '2024/7/28'}, {'SDHNUM_0': 'F01SDH2111002172', 'STOFCY_0': 'F01', 'DLVDAT_0': datetime.datetime(2021, 11, 25, 0, 0), 'SDDLIN_0': 22000, 'ITMREF_0': 'P0034339', 'SOHNUM_0': 'CL0820211105A', 'STU_0': 'EA', 'QTYSTU_0': Decimal('15.0000000000000'), 'LOT_0': 'C21A0025', 'WRH_0': 'W0110', 'LOC_0': 'W10001', 'BPCNAM_0': 'International Medical Products S.A.', 'XITMNUM_0': 'DWG9600301/CP0080004', 'ITMDES1_0': '一次性使用Y型连接器', 'ITMDES2_0': 'BM-HV04', 'USRFLD2_0': '2024/10/18'}, {'SDHNUM_0': 'F01SDH2111002172', 'STOFCY_0': 'F01', 'DLVDAT_0': datetime.datetime(2021, 11, 25, 0, 0), 'SDDLIN_0': 27000, 'ITMREF_0': 'P0034238', 'SOHNUM_0': 'CL0820211105A', 'STU_0': 'EA', 'QTYSTU_0': Decimal('10.0000000000000'), 'LOT_0': 'C2170016', 'WRH_0': 'W0110', 'LOC_0': 'W10001', 'BPCNAM_0': 'International Medical Products S.A.', 'XITMNUM_0': 'DWG9600315/CP0130006', 'ITMDES1_0': '一次性使用连通板', 'ITMDES2_0': 'BM-MF3-ON', 'USRFLD2_0': '2024/7/12'}]
12/31/2021 17:09:07 - INFO     : SCAN DATA: C2170016
12/31/2021 17:09:41 - INFO     : 重置发货单F01SDH2111002172 成功！
12/31/2021 17:09:41 - INFO     : 从服务器加载发货单F01SDH2111002172成功：[{'SDHNUM_0': 'F01SDH2111002172', 'STOFCY_0': 'F01', 'DLVDAT_0': datetime.datetime(2021, 11, 25, 0, 0), 'SDDLIN_0': 8000, 'ITMREF_0': 'P0034227', 'SOHNUM_0': 'CL0820211105A', 'STU_0': 'EA', 'QTYSTU_0': Decimal('524.0000000000000'), 'LOT_0': 'C2190025', 'WRH_0': 'W0110', 'LOC_0': 'W10001', 'BPCNAM_0': 'International Medical Products S.A.', 'XITMNUM_0': 'DWG9600012/CP0040001', 'ITMDES1_0': '一次性使用球囊扩充压力泵', 'ITMDES2_0': 'BM-BID-I30', 'USRFLD2_0': '2024-9-9'}, {'SDHNUM_0': 'F01SDH2111002172', 'STOFCY_0': 'F01', 'DLVDAT_0': datetime.datetime(2021, 11, 25, 0, 0), 'SDDLIN_0': 20000, 'ITMREF_0': 'P0034235', 'SOHNUM_0': 'CL0820211105A', 'STU_0': 'EA', 'QTYSTU_0': Decimal('10.0000000000000'), 'LOT_0': 'C2170053', 'WRH_0': 'W0110', 'LOC_0': 'W10001', 'BPCNAM_0': 'International Medical Products S.A.', 'XITMNUM_0': 'DWG9600002/CP0080002', 'ITMDES1_0': '一次性使用Y型连接器', 'ITMDES2_0': 'BM-HV02', 'USRFLD2_0': '2024/7/28'}, {'SDHNUM_0': 'F01SDH2111002172', 'STOFCY_0': 'F01', 'DLVDAT_0': datetime.datetime(2021, 11, 25, 0, 0), 'SDDLIN_0': 22000, 'ITMREF_0': 'P0034339', 'SOHNUM_0': 'CL0820211105A', 'STU_0': 'EA', 'QTYSTU_0': Decimal('15.0000000000000'), 'LOT_0': 'C21A0025', 'WRH_0': 'W0110', 'LOC_0': 'W10001', 'BPCNAM_0': 'International Medical Products S.A.', 'XITMNUM_0': 'DWG9600301/CP0080004', 'ITMDES1_0': '一次性使用Y型连接器', 'ITMDES2_0': 'BM-HV04', 'USRFLD2_0': '2024/10/18'}, {'SDHNUM_0': 'F01SDH2111002172', 'STOFCY_0': 'F01', 'DLVDAT_0': datetime.datetime(2021, 11, 25, 0, 0), 'SDDLIN_0': 27000, 'ITMREF_0': 'P0034238', 'SOHNUM_0': 'CL0820211105A', 'STU_0': 'EA', 'QTYSTU_0': Decimal('10.0000000000000'), 'LOT_0': 'C2170016', 'WRH_0': 'W0110', 'LOC_0': 'W10001', 'BPCNAM_0': 'International Medical Products S.A.', 'XITMNUM_0': 'DWG9600315/CP0130006', 'ITMDES1_0': '一次性使用连通板', 'ITMDES2_0': 'BM-MF3-ON', 'USRFLD2_0': '2024/7/12'}]
12/31/2021 17:09:42 - INFO     : SCAN DATA: C2170016
12/31/2021 17:09:56 - INFO     : 重置发货单F01SDH2111002172 成功！
12/31/2021 17:09:56 - INFO     : 从服务器加载发货单F01SDH2111002172成功：[{'SDHNUM_0': 'F01SDH2111002172', 'STOFCY_0': 'F01', 'DLVDAT_0': datetime.datetime(2021, 11, 25, 0, 0), 'SDDLIN_0': 8000, 'ITMREF_0': 'P0034227', 'SOHNUM_0': 'CL0820211105A', 'STU_0': 'EA', 'QTYSTU_0': Decimal('524.0000000000000'), 'LOT_0': 'C2190025', 'WRH_0': 'W0110', 'LOC_0': 'W10001', 'BPCNAM_0': 'International Medical Products S.A.', 'XITMNUM_0': 'DWG9600012/CP0040001', 'ITMDES1_0': '一次性使用球囊扩充压力泵', 'ITMDES2_0': 'BM-BID-I30', 'USRFLD2_0': '2024-9-9'}, {'SDHNUM_0': 'F01SDH2111002172', 'STOFCY_0': 'F01', 'DLVDAT_0': datetime.datetime(2021, 11, 25, 0, 0), 'SDDLIN_0': 20000, 'ITMREF_0': 'P0034235', 'SOHNUM_0': 'CL0820211105A', 'STU_0': 'EA', 'QTYSTU_0': Decimal('10.0000000000000'), 'LOT_0': 'C2170053', 'WRH_0': 'W0110', 'LOC_0': 'W10001', 'BPCNAM_0': 'International Medical Products S.A.', 'XITMNUM_0': 'DWG9600002/CP0080002', 'ITMDES1_0': '一次性使用Y型连接器', 'ITMDES2_0': 'BM-HV02', 'USRFLD2_0': '2024/7/28'}, {'SDHNUM_0': 'F01SDH2111002172', 'STOFCY_0': 'F01', 'DLVDAT_0': datetime.datetime(2021, 11, 25, 0, 0), 'SDDLIN_0': 22000, 'ITMREF_0': 'P0034339', 'SOHNUM_0': 'CL0820211105A', 'STU_0': 'EA', 'QTYSTU_0': Decimal('15.0000000000000'), 'LOT_0': 'C21A0025', 'WRH_0': 'W0110', 'LOC_0': 'W10001', 'BPCNAM_0': 'International Medical Products S.A.', 'XITMNUM_0': 'DWG9600301/CP0080004', 'ITMDES1_0': '一次性使用Y型连接器', 'ITMDES2_0': 'BM-HV04', 'USRFLD2_0': '2024/10/18'}, {'SDHNUM_0': 'F01SDH2111002172', 'STOFCY_0': 'F01', 'DLVDAT_0': datetime.datetime(2021, 11, 25, 0, 0), 'SDDLIN_0': 27000, 'ITMREF_0': 'P0034238', 'SOHNUM_0': 'CL0820211105A', 'STU_0': 'EA', 'QTYSTU_0': Decimal('10.0000000000000'), 'LOT_0': 'C2170016', 'WRH_0': 'W0110', 'LOC_0': 'W10001', 'BPCNAM_0': 'International Medical Products S.A.', 'XITMNUM_0': 'DWG9600315/CP0130006', 'ITMDES1_0': '一次性使用连通板', 'ITMDES2_0': 'BM-MF3-ON', 'USRFLD2_0': '2024/7/12'}]
12/31/2021 17:10:00 - INFO     : SCAN DATA: C2170016
12/31/2021 17:10:40 - INFO     : Init Btw Engine: 打印引擎加载成功
12/31/2021 17:12:40 - INFO     : Init Btw Engine: 打印引擎加载成功
12/31/2021 17:13:33 - INFO     : Init Btw Engine: 打印引擎加载成功
12/31/2021 17:15:06 - INFO     : Init Btw Engine: 打印引擎加载成功
12/31/2021 17:15:11 - INFO     : 从服务器加载发货单F01SDH2111002172成功：[{'SDHNUM_0': 'F01SDH2111002172', 'STOFCY_0': 'F01', 'DLVDAT_0': datetime.datetime(2021, 11, 25, 0, 0), 'SDDLIN_0': 8000, 'ITMREF_0': 'P0034227', 'SOHNUM_0': 'CL0820211105A', 'STU_0': 'EA', 'QTYSTU_0': Decimal('524.0000000000000'), 'LOT_0': 'C2190025', 'WRH_0': 'W0110', 'LOC_0': 'W10001', 'BPCNAM_0': 'International Medical Products S.A.', 'XITMNUM_0': 'DWG9600012/CP0040001', 'ITMDES1_0': '一次性使用球囊扩充压力泵', 'ITMDES2_0': 'BM-BID-I30', 'USRFLD2_0': '2024-9-9'}, {'SDHNUM_0': 'F01SDH2111002172', 'STOFCY_0': 'F01', 'DLVDAT_0': datetime.datetime(2021, 11, 25, 0, 0), 'SDDLIN_0': 20000, 'ITMREF_0': 'P0034235', 'SOHNUM_0': 'CL0820211105A', 'STU_0': 'EA', 'QTYSTU_0': Decimal('10.0000000000000'), 'LOT_0': 'C2170053', 'WRH_0': 'W0110', 'LOC_0': 'W10001', 'BPCNAM_0': 'International Medical Products S.A.', 'XITMNUM_0': 'DWG9600002/CP0080002', 'ITMDES1_0': '一次性使用Y型连接器', 'ITMDES2_0': 'BM-HV02', 'USRFLD2_0': '2024/7/28'}, {'SDHNUM_0': 'F01SDH2111002172', 'STOFCY_0': 'F01', 'DLVDAT_0': datetime.datetime(2021, 11, 25, 0, 0), 'SDDLIN_0': 22000, 'ITMREF_0': 'P0034339', 'SOHNUM_0': 'CL0820211105A', 'STU_0': 'EA', 'QTYSTU_0': Decimal('15.0000000000000'), 'LOT_0': 'C21A0025', 'WRH_0': 'W0110', 'LOC_0': 'W10001', 'BPCNAM_0': 'International Medical Products S.A.', 'XITMNUM_0': 'DWG9600301/CP0080004', 'ITMDES1_0': '一次性使用Y型连接器', 'ITMDES2_0': 'BM-HV04', 'USRFLD2_0': '2024/10/18'}, {'SDHNUM_0': 'F01SDH2111002172', 'STOFCY_0': 'F01', 'DLVDAT_0': datetime.datetime(2021, 11, 25, 0, 0), 'SDDLIN_0': 27000, 'ITMREF_0': 'P0034238', 'SOHNUM_0': 'CL0820211105A', 'STU_0': 'EA', 'QTYSTU_0': Decimal('10.0000000000000'), 'LOT_0': 'C2170016', 'WRH_0': 'W0110', 'LOC_0': 'W10001', 'BPCNAM_0': 'International Medical Products S.A.', 'XITMNUM_0': 'DWG9600315/CP0130006', 'ITMDES1_0': '一次性使用连通板', 'ITMDES2_0': 'BM-MF3-ON', 'USRFLD2_0': '2024/7/12'}]
12/31/2021 17:16:51 - INFO     : Init Btw Engine: 打印引擎加载成功
12/31/2021 17:19:01 - INFO     : Init Btw Engine: 打印引擎加载成功
12/31/2021 17:19:09 - INFO     : 从服务器加载发货单F01SDH2111002172成功：[{'SDHNUM_0': 'F01SDH2111002172', 'STOFCY_0': 'F01', 'DLVDAT_0': datetime.datetime(2021, 11, 25, 0, 0), 'SDDLIN_0': 8000, 'ITMREF_0': 'P0034227', 'SOHNUM_0': 'CL0820211105A', 'STU_0': 'EA', 'QTYSTU_0': Decimal('524.0000000000000'), 'LOT_0': 'C2190025', 'WRH_0': 'W0110', 'LOC_0': 'W10001', 'BPCNAM_0': 'International Medical Products S.A.', 'XITMNUM_0': 'DWG9600012/CP0040001', 'ITMDES1_0': '一次性使用球囊扩充压力泵', 'ITMDES2_0': 'BM-BID-I30', 'USRFLD2_0': '2024-9-9'}, {'SDHNUM_0': 'F01SDH2111002172', 'STOFCY_0': 'F01', 'DLVDAT_0': datetime.datetime(2021, 11, 25, 0, 0), 'SDDLIN_0': 20000, 'ITMREF_0': 'P0034235', 'SOHNUM_0': 'CL0820211105A', 'STU_0': 'EA', 'QTYSTU_0': Decimal('10.0000000000000'), 'LOT_0': 'C2170053', 'WRH_0': 'W0110', 'LOC_0': 'W10001', 'BPCNAM_0': 'International Medical Products S.A.', 'XITMNUM_0': 'DWG9600002/CP0080002', 'ITMDES1_0': '一次性使用Y型连接器', 'ITMDES2_0': 'BM-HV02', 'USRFLD2_0': '2024/7/28'}, {'SDHNUM_0': 'F01SDH2111002172', 'STOFCY_0': 'F01', 'DLVDAT_0': datetime.datetime(2021, 11, 25, 0, 0), 'SDDLIN_0': 22000, 'ITMREF_0': 'P0034339', 'SOHNUM_0': 'CL0820211105A', 'STU_0': 'EA', 'QTYSTU_0': Decimal('15.0000000000000'), 'LOT_0': 'C21A0025', 'WRH_0': 'W0110', 'LOC_0': 'W10001', 'BPCNAM_0': 'International Medical Products S.A.', 'XITMNUM_0': 'DWG9600301/CP0080004', 'ITMDES1_0': '一次性使用Y型连接器', 'ITMDES2_0': 'BM-HV04', 'USRFLD2_0': '2024/10/18'}, {'SDHNUM_0': 'F01SDH2111002172', 'STOFCY_0': 'F01', 'DLVDAT_0': datetime.datetime(2021, 11, 25, 0, 0), 'SDDLIN_0': 27000, 'ITMREF_0': 'P0034238', 'SOHNUM_0': 'CL0820211105A', 'STU_0': 'EA', 'QTYSTU_0': Decimal('10.0000000000000'), 'LOT_0': 'C2170016', 'WRH_0': 'W0110', 'LOC_0': 'W10001', 'BPCNAM_0': 'International Medical Products S.A.', 'XITMNUM_0': 'DWG9600315/CP0130006', 'ITMDES1_0': '一次性使用连通板', 'ITMDES2_0': 'BM-MF3-ON', 'USRFLD2_0': '2024/7/12'}]
12/31/2021 17:19:27 - INFO     : SCAN DATA: C2170016
12/31/2021 17:19:28 - INFO     : SCAN DATA: C2170016
12/31/2021 17:19:29 - INFO     : SCAN DATA: C2170016
12/31/2021 17:19:30 - INFO     : SCAN DATA: C2170016
12/31/2021 17:19:31 - INFO     : SCAN DATA: C2170016
12/31/2021 17:19:31 - INFO     : SCAN DATA: C2170016
12/31/2021 17:19:32 - INFO     : SCAN DATA: C2170016
12/31/2021 17:19:33 - INFO     : SCAN DATA: C2170016
12/31/2021 17:19:34 - INFO     : SCAN DATA: C2170016
12/31/2021 17:19:36 - INFO     : SCAN DATA: C2170016
12/31/2021 17:19:42 - INFO     : 外箱标签打印：Success, 打印参数：{'FH_CODE': 'F01SDH2111002172', 'ZX_CODE': 'C2112319VTWJ4', 'BOX_QTY': '10', 'BOX_SIZE': '740*520*290mm'}
12/31/2021 17:19:46 - INFO     : 装箱明细标签打印：Success, 打印参数：{'SDHNUM': 'F01SDH2111002172', 'STOFCY': 'F01', 'DLVDAT': '2021-11-25 00:00:00', 'ITMREF': 'P0034227', 'SOHNUM': 'CL0820211105A', 'STU': 'EA', 'QTYSTU': '524', 'LOT': 'C2190025', 'WRH': 'W0110', 'LOC': 'W10001', 'BPCNAM': 'International Medical Products S.A.', 'XITMNUM': 'DWG9600012/CP0040001', 'ITMDES1': '一次性使用球囊扩充压力泵', 'ITMDES2': 'BM-BID-I30', 'QTY': '10', 'USRFLD2': '2024-9-9'}
12/31/2021 17:19:59 - INFO     : SCAN DATA: C21A0025
12/31/2021 17:20:04 - INFO     : SCAN DATA: C2170053
12/31/2021 17:20:12 - INFO     : SCAN DATA: C2170053
12/31/2021 17:20:13 - INFO     : SCAN DATA: C2170053
12/31/2021 17:20:14 - INFO     : SCAN DATA: C2170053
12/31/2021 17:20:15 - INFO     : SCAN DATA: C2170053
12/31/2021 17:20:16 - INFO     : SCAN DATA: C2170053
12/31/2021 17:20:17 - INFO     : SCAN DATA: C2170053
12/31/2021 17:20:18 - INFO     : SCAN DATA: C2170053
12/31/2021 17:20:19 - INFO     : SCAN DATA: C2170053
12/31/2021 17:20:26 - INFO     : 外箱标签打印：Success, 打印参数：{'FH_CODE': 'F01SDH2111002172', 'ZX_CODE': 'C211231EO70D0', 'BOX_QTY': '10', 'BOX_SIZE': '740*520*290mm'}
12/31/2021 17:20:30 - INFO     : 装箱明细标签打印：Success, 打印参数：{'SDHNUM': 'F01SDH2111002172', 'STOFCY': 'F01', 'DLVDAT': '2021-11-25 00:00:00', 'ITMREF': 'P0034227', 'SOHNUM': 'CL0820211105A', 'STU': 'EA', 'QTYSTU': '524', 'LOT': 'C2190025', 'WRH': 'W0110', 'LOC': 'W10001', 'BPCNAM': 'International Medical Products S.A.', 'XITMNUM': 'DWG9600012/CP0040001', 'ITMDES1': '一次性使用球囊扩充压力泵', 'ITMDES2': 'BM-BID-I30', 'QTY': '1', 'USRFLD2': '2024-9-9'}
12/31/2021 17:20:36 - INFO     : 装箱明细标签打印：Success, 打印参数：{'SDHNUM': 'F01SDH2111002172', 'STOFCY': 'F01', 'DLVDAT': '2021-11-25 00:00:00', 'ITMREF': 'P0034227', 'SOHNUM': 'CL0820211105A', 'STU': 'EA', 'QTYSTU': '524', 'LOT': 'C2190025', 'WRH': 'W0110', 'LOC': 'W10001', 'BPCNAM': 'International Medical Products S.A.', 'XITMNUM': 'DWG9600012/CP0040001', 'ITMDES1': '一次性使用球囊扩充压力泵', 'ITMDES2': 'BM-BID-I30', 'QTY': '9', 'USRFLD2': '2024-9-9'}
12/31/2021 17:25:39 - INFO     : 外箱标签打印：Success, 打印参数：{'FH_CODE': 'F01SDH2111002172', 'ZX_CODE': 'C211231EO70D0', 'BOX_QTY': '10', 'BOX_SIZE': '740*520*290mm'}
12/31/2021 17:25:44 - INFO     : 装箱明细标签打印：Success, 打印参数：{'SDHNUM': 'F01SDH2111002172', 'STOFCY': 'F01', 'DLVDAT': '2021-11-25 00:00:00', 'ITMREF': 'P0034227', 'SOHNUM': 'CL0820211105A', 'STU': 'EA', 'QTYSTU': '524', 'LOT': 'C2190025', 'WRH': 'W0110', 'LOC': 'W10001', 'BPCNAM': 'International Medical Products S.A.', 'XITMNUM': 'DWG9600012/CP0040001', 'ITMDES1': '一次性使用球囊扩充压力泵', 'ITMDES2': 'BM-BID-I30', 'QTY': '1', 'USRFLD2': '2024-9-9'}
12/31/2021 17:25:48 - INFO     : 装箱明细标签打印：Success, 打印参数：{'SDHNUM': 'F01SDH2111002172', 'STOFCY': 'F01', 'DLVDAT': '2021-11-25 00:00:00', 'ITMREF': 'P0034227', 'SOHNUM': 'CL0820211105A', 'STU': 'EA', 'QTYSTU': '524', 'LOT': 'C2190025', 'WRH': 'W0110', 'LOC': 'W10001', 'BPCNAM': 'International Medical Products S.A.', 'XITMNUM': 'DWG9600012/CP0040001', 'ITMDES1': '一次性使用球囊扩充压力泵', 'ITMDES2': 'BM-BID-I30', 'QTY': '9', 'USRFLD2': '2024-9-9'}
12/31/2021 17:26:10 - INFO     : Init Btw Engine: 打印引擎加载成功
12/31/2021 17:26:20 - INFO     : 外箱标签打印：Failure, 打印参数：{'FH_CODE': 'F01SDH2111002172', 'ZX_CODE': 'C211231EO70D0', 'BOX_QTY': '10', 'BOX_SIZE': '740*520*290mm'}
12/31/2021 17:26:29 - INFO     : 装箱明细标签打印：Failure, 打印参数：{'SDHNUM': 'F01SDH2111002172', 'STOFCY': 'F01', 'DLVDAT': '2021-11-25 00:00:00', 'ITMREF': 'P0034227', 'SOHNUM': 'CL0820211105A', 'STU': 'EA', 'QTYSTU': '524', 'LOT': 'C2190025', 'WRH': 'W0110', 'LOC': 'W10001', 'BPCNAM': 'International Medical Products S.A.', 'XITMNUM': 'DWG9600012/CP0040001', 'ITMDES1': '一次性使用球囊扩充压力泵', 'ITMDES2': 'BM-BID-I30', 'QTY': '1', 'USRFLD2': '2024-9-9'}
12/31/2021 17:26:31 - INFO     : 装箱明细标签打印：Failure, 打印参数：{'SDHNUM': 'F01SDH2111002172', 'STOFCY': 'F01', 'DLVDAT': '2021-11-25 00:00:00', 'ITMREF': 'P0034227', 'SOHNUM': 'CL0820211105A', 'STU': 'EA', 'QTYSTU': '524', 'LOT': 'C2190025', 'WRH': 'W0110', 'LOC': 'W10001', 'BPCNAM': 'International Medical Products S.A.', 'XITMNUM': 'DWG9600012/CP0040001', 'ITMDES1': '一次性使用球囊扩充压力泵', 'ITMDES2': 'BM-BID-I30', 'QTY': '9', 'USRFLD2': '2024-9-9'}
12/31/2021 17:28:40 - INFO     : Init Btw Engine: 打印引擎加载成功
12/31/2021 17:28:48 - INFO     : 外箱标签打印：Failure, 打印参数：{'FH_CODE': 'F01SDH2111002172', 'ZX_CODE': 'C211231EO70D0', 'BOX_QTY': '10', 'BOX_SIZE': '740*520*290mm'}
12/31/2021 17:28:51 - INFO     : 装箱明细标签打印：Failure, 打印参数：{'SDHNUM': 'F01SDH2111002172', 'STOFCY': 'F01', 'DLVDAT': '2021-11-25 00:00:00', 'ITMREF': 'P0034339', 'SOHNUM': 'CL0820211105A', 'STU': 'EA', 'QTYSTU': '15', 'LOT': 'C21A0025', 'WRH': 'W0110', 'LOC': 'W10001', 'BPCNAM': 'International Medical Products S.A.', 'XITMNUM': 'DWG9600301/CP0080004', 'ITMDES1': '一次性使用Y型连接器', 'ITMDES2': 'BM-HV04', 'QTY': '1', 'USRFLD2': '2024/10/18'}
12/31/2021 17:28:54 - INFO     : 装箱明细标签打印：Failure, 打印参数：{'SDHNUM': 'F01SDH2111002172', 'STOFCY': 'F01', 'DLVDAT': '2021-11-25 00:00:00', 'ITMREF': 'P0034235', 'SOHNUM': 'CL0820211105A', 'STU': 'EA', 'QTYSTU': '10', 'LOT': 'C2170053', 'WRH': 'W0110', 'LOC': 'W10001', 'BPCNAM': 'International Medical Products S.A.', 'XITMNUM': 'DWG9600002/CP0080002', 'ITMDES1': '一次性使用Y型连接器', 'ITMDES2': 'BM-HV02', 'QTY': '9', 'USRFLD2': '2024/7/28'}
12/31/2021 17:34:35 - INFO     : Init Btw Engine: 打印引擎加载成功
12/31/2021 17:35:01 - INFO     : SCAN DATA: C2170053
12/31/2021 17:35:11 - INFO     : SCAN DATA: C2190025
12/31/2021 17:35:12 - INFO     : SCAN DATA: C2190025
12/31/2021 17:35:13 - INFO     : SCAN DATA: C2190025
12/31/2021 17:35:14 - INFO     : SCAN DATA: C2190025
12/31/2021 17:35:14 - INFO     : SCAN DATA: C2190025
12/31/2021 17:35:15 - INFO     : SCAN DATA: C2190025
12/31/2021 17:35:16 - INFO     : SCAN DATA: C2190025
12/31/2021 17:35:17 - INFO     : SCAN DATA: C2190025
12/31/2021 17:35:18 - INFO     : SCAN DATA: C2190025
12/31/2021 17:35:22 - INFO     : 外箱标签打印：Failure, 打印参数：{'FH_CODE': 'F01SDH2111002172', 'ZX_CODE': 'C211231DE428J', 'BOX_QTY': '10', 'BOX_SIZE': '740*520*290mm'}
12/31/2021 17:35:25 - INFO     : 装箱明细标签打印：Failure, 打印参数：{'SDHNUM': 'F01SDH2111002172', 'STOFCY': 'F01', 'DLVDAT': '2021-11-25 00:00:00', 'ITMREF': 'P0034235', 'SOHNUM': 'CL0820211105A', 'STU': 'EA', 'QTYSTU': '10', 'LOT': 'C2170053', 'WRH': 'W0110', 'LOC': 'W10001', 'BPCNAM': 'International Medical Products S.A.', 'XITMNUM': 'DWG9600002/CP0080002', 'ITMDES1': '一次性使用Y型连接器', 'ITMDES2': 'BM-HV02', 'QTY': '1', 'USRFLD2': '2024/7/28'}
12/31/2021 17:35:27 - INFO     : 装箱明细标签打印：Failure, 打印参数：{'SDHNUM': 'F01SDH2111002172', 'STOFCY': 'F01', 'DLVDAT': '2021-11-25 00:00:00', 'ITMREF': 'P0034227', 'SOHNUM': 'CL0820211105A', 'STU': 'EA', 'QTYSTU': '524', 'LOT': 'C2190025', 'WRH': 'W0110', 'LOC': 'W10001', 'BPCNAM': 'International Medical Products S.A.', 'XITMNUM': 'DWG9600012/CP0040001', 'ITMDES1': '一次性使用球囊扩充压力泵', 'ITMDES2': 'BM-BID-I30', 'QTY': '9', 'USRFLD2': '2024-9-9'}
12/31/2021 17:35:44 - INFO     : 装箱明细标签打印：Success, 打印参数：{'SDHNUM': 'F01SDH2111002172', 'STOFCY': 'F01', 'DLVDAT': '2021-11-25 00:00:00', 'ITMREF': 'P0034235', 'SOHNUM': 'CL0820211105A', 'STU': 'EA', 'QTYSTU': '10', 'LOT': 'C2170053', 'WRH': 'W0110', 'LOC': 'W10001', 'BPCNAM': 'International Medical Products S.A.', 'XITMNUM': 'DWG9600002/CP0080002', 'ITMDES1': '一次性使用Y型连接器', 'ITMDES2': 'BM-HV02', 'QTY': '9', 'USRFLD2': '2024/7/28'}
12/31/2021 17:51:45 - INFO     : Init Btw Engine: 打印引擎加载成功
12/31/2021 18:21:02 - INFO     : Init Btw Engine: 打印引擎加载成功
12/31/2021 18:21:39 - INFO     : 外箱标签打印：Success, 打印参数：{'FH_CODE': 'F01SDH2111002172', 'ZX_CODE': 'C211231DE428J', 'BOX_QTY': '10', 'BOX_SIZE': '740*520*290mm'}
01/04/2022 11:20:14 - INFO     : Init Btw Engine: 打印引擎加载成功
01/04/2022 11:20:41 - INFO     : SCAN DATA: C2190025
01/04/2022 11:20:43 - INFO     : SCAN DATA: C2190025
01/04/2022 11:20:44 - INFO     : SCAN DATA: C2190025
01/04/2022 11:20:46 - INFO     : SCAN DATA: C2190025
01/04/2022 11:20:48 - INFO     : SCAN DATA: C2190025
01/04/2022 11:20:50 - INFO     : SCAN DATA: C2190025
01/04/2022 11:20:50 - INFO     : SCAN DATA: C2190025
01/04/2022 11:20:51 - INFO     : SCAN DATA: C2190025
01/04/2022 11:20:52 - INFO     : SCAN DATA: C2190025
01/04/2022 11:20:53 - INFO     : SCAN DATA: C2190025
01/04/2022 11:21:02 - INFO     : 外箱标签打印：Success, 打印参数：{'FH_CODE': 'F01SDH2111002172', 'ZX_CODE': 'C220104RF42WL', 'BOX_QTY': '10', 'BOX_SIZE': '740*520*290mm'}
01/04/2022 11:21:08 - INFO     : 装箱明细标签打印：Success, 打印参数：{'SDHNUM': 'F01SDH2111002172', 'STOFCY': 'F01', 'DLVDAT': '2021-11-25 00:00:00', 'ITMREF': 'P0034227', 'SOHNUM': 'CL0820211105A', 'STU': 'EA', 'QTYSTU': '524', 'LOT': 'C2190025', 'WRH': 'W0110', 'LOC': 'W10001', 'BPCNAM': 'International Medical Products S.A.', 'XITMNUM': 'DWG9600012/CP0040001', 'ITMDES1': '一次性使用球囊扩充压力泵', 'ITMDES2': 'BM-BID-I30', 'QTY': '10', 'USRFLD2': '2024-9-9'}
01/04/2022 11:26:45 - INFO     : Init Btw Engine: 打印引擎加载成功
01/04/2022 11:27:08 - INFO     : Init Btw Engine: 打印引擎加载成功
01/04/2022 11:27:26 - INFO     : 装箱明细标签打印：Success, 打印参数：{'SDHNUM': 'F01SDH2111002172', 'STOFCY': 'F01', 'DLVDAT': '2021-11-25 00:00:00', 'ITMREF': 'P0034238', 'SOHNUM': 'CL0820211105A', 'STU': 'EA', 'QTYSTU': '10', 'LOT': 'C2170016', 'WRH': 'W0110', 'LOC': 'W10001', 'BPCNAM': 'International Medical Products S.A.', 'XITMNUM': 'DWG9600315/CP0130006', 'ITMDES1': '一次性使用连通板', 'ITMDES2': 'BM-MF3-ON', 'QTY': '10', 'USRFLD2': '2024/7/12'}
01/06/2022 15:14:09 - INFO     : Init Btw Engine: 打印引擎加载成功
01/06/2022 15:14:31 - INFO     : SCAN DATA: C2190025
01/06/2022 15:15:00 - INFO     : 重置发货单F01SDH2111002172 成功！
01/06/2022 15:15:00 - INFO     : 从服务器加载发货单F01SDH2111002172成功：[{'SDHNUM_0': 'F01SDH2111002172', 'STOFCY_0': 'F01', 'DLVDAT_0': datetime.datetime(2021, 11, 25, 0, 0), 'SDDLIN_0': 8000, 'ITMREF_0': 'P0034227', 'SOHNUM_0': 'CL0820211105A', 'STU_0': 'EA', 'QTYSTU_0': Decimal('524.0000000000000'), 'LOT_0': 'C2190025', 'WRH_0': 'W0110', 'LOC_0': 'W10001', 'BPCNAM_0': 'International Medical Products S.A.', 'XITMNUM_0': 'DWG9600012/CP0040001', 'ITMDES1_0': '一次性使用球囊扩充压力泵', 'ITMDES2_0': 'BM-BID-I30', 'USRFLD2_0': '2024-9-9'}, {'SDHNUM_0': 'F01SDH2111002172', 'STOFCY_0': 'F01', 'DLVDAT_0': datetime.datetime(2021, 11, 25, 0, 0), 'SDDLIN_0': 20000, 'ITMREF_0': 'P0034235', 'SOHNUM_0': 'CL0820211105A', 'STU_0': 'EA', 'QTYSTU_0': Decimal('10.0000000000000'), 'LOT_0': 'C2170053', 'WRH_0': 'W0110', 'LOC_0': 'W10001', 'BPCNAM_0': 'International Medical Products S.A.', 'XITMNUM_0': 'DWG9600002/CP0080002', 'ITMDES1_0': '一次性使用Y型连接器', 'ITMDES2_0': 'BM-HV02', 'USRFLD2_0': '2024/7/28'}, {'SDHNUM_0': 'F01SDH2111002172', 'STOFCY_0': 'F01', 'DLVDAT_0': datetime.datetime(2021, 11, 25, 0, 0), 'SDDLIN_0': 22000, 'ITMREF_0': 'P0034339', 'SOHNUM_0': 'CL0820211105A', 'STU_0': 'EA', 'QTYSTU_0': Decimal('15.0000000000000'), 'LOT_0': 'C21A0025', 'WRH_0': 'W0110', 'LOC_0': 'W10001', 'BPCNAM_0': 'International Medical Products S.A.', 'XITMNUM_0': 'DWG9600301/CP0080004', 'ITMDES1_0': '一次性使用Y型连接器', 'ITMDES2_0': 'BM-HV04', 'USRFLD2_0': '2024/10/18'}, {'SDHNUM_0': 'F01SDH2111002172', 'STOFCY_0': 'F01', 'DLVDAT_0': datetime.datetime(2021, 11, 25, 0, 0), 'SDDLIN_0': 27000, 'ITMREF_0': 'P0034238', 'SOHNUM_0': 'CL0820211105A', 'STU_0': 'EA', 'QTYSTU_0': Decimal('10.0000000000000'), 'LOT_0': 'C2170016', 'WRH_0': 'W0110', 'LOC_0': 'W10001', 'BPCNAM_0': 'International Medical Products S.A.', 'XITMNUM_0': 'DWG9600315/CP0130006', 'ITMDES1_0': '一次性使用连通板', 'ITMDES2_0': 'BM-MF3-ON', 'USRFLD2_0': '2024/7/12'}]
01/06/2022 15:29:29 - INFO     : Init Btw Engine: 打印引擎加载成功
01/06/2022 15:31:46 - INFO     : SCAN DATA: C2170053, C2170053, C2170053, C2170053, C2170053, C2170053, C2170053, C2170053, C2170053, C2170053
01/06/2022 15:31:51 - INFO     : 外箱标签打印：Failure, 打印参数：{'FH_CODE': 'F01SDH2111002172', 'ZX_CODE': 'C220106FNRBCJ', 'BOX_QTY': '10', 'BOX_SIZE': '740*520*290mm'}
01/06/2022 15:31:54 - INFO     : 装箱明细标签打印：Failure, 打印参数：{'SDHNUM': 'F01SDH2111002172', 'STOFCY': 'F01', 'DLVDAT': '2021-11-25 00:00:00', 'ITMREF': 'P0034235', 'SOHNUM': 'CL0820211105A', 'STU': 'EA', 'QTYSTU': '10', 'LOT': 'C2170053', 'WRH': 'W0110', 'LOC': 'W10001', 'BPCNAM': 'International Medical Products S.A.', 'XITMNUM': 'DWG9600002/CP0080002', 'ITMDES1': '一次性使用Y型连接器', 'ITMDES2': 'BM-HV02', 'QTY': '10', 'USRFLD2': '2024/7/28'}
01/06/2022 15:33:33 - INFO     : SCAN DATA: C2190025, C2190025, C2190025, C2190025, C2190025, C2190025, C2190025, C2190025, C2190025, C2190025
01/06/2022 15:33:40 - INFO     : SCAN DATA: C2190025, C2190025, C2190025, C2190025, C2190025, C2190025, C2190025, C2190025, C2190025, C2190025
01/06/2022 15:33:42 - INFO     : SCAN DATA: C2190025, C2190025, C2190025, C2190025, C2190025, C2190025, C2190025, C2190025, C2190025, C2190025
01/06/2022 15:33:44 - INFO     : SCAN DATA: C2190025, C2190025, C2190025, C2190025, C2190025, C2190025, C2190025, C2190025, C2190025, C2190025
01/06/2022 15:33:45 - INFO     : SCAN DATA: C2190025, C2190025, C2190025, C2190025, C2190025, C2190025, C2190025, C2190025, C2190025, C2190025
01/06/2022 15:33:46 - INFO     : SCAN DATA: C2190025, C2190025, C2190025, C2190025, C2190025, C2190025, C2190025, C2190025, C2190025, C2190025
01/06/2022 15:33:48 - INFO     : SCAN DATA: C2190025, C2190025, C2190025, C2190025, C2190025, C2190025, C2190025, C2190025, C2190025, C2190025
01/06/2022 15:33:50 - INFO     : SCAN DATA: C2190025, C2190025, C2190025, C2190025, C2190025, C2190025, C2190025, C2190025, C2190025, C2190025
01/06/2022 15:33:51 - INFO     : SCAN DATA: C2190025, C2190025, C2190025, C2190025, C2190025, C2190025, C2190025, C2190025, C2190025, C2190025
01/06/2022 15:34:04 - INFO     : 外箱标签打印：Success, 打印参数：{'FH_CODE': 'F01SDH2111002172', 'ZX_CODE': 'C220106FNRBCJ', 'BOX_QTY': '100', 'BOX_SIZE': '740*520*290mm'}
01/06/2022 15:34:11 - INFO     : 装箱明细标签打印：Success, 打印参数：{'SDHNUM': 'F01SDH2111002172', 'STOFCY': 'F01', 'DLVDAT': '2021-11-25 00:00:00', 'ITMREF': 'P0034235', 'SOHNUM': 'CL0820211105A', 'STU': 'EA', 'QTYSTU': '10', 'LOT': 'C2170053', 'WRH': 'W0110', 'LOC': 'W10001', 'BPCNAM': 'International Medical Products S.A.', 'XITMNUM': 'DWG9600002/CP0080002', 'ITMDES1': '一次性使用Y型连接器', 'ITMDES2': 'BM-HV02', 'QTY': '10', 'USRFLD2': '2024/7/28'}
01/06/2022 15:34:17 - INFO     : 装箱明细标签打印：Success, 打印参数：{'SDHNUM': 'F01SDH2111002172', 'STOFCY': 'F01', 'DLVDAT': '2021-11-25 00:00:00', 'ITMREF': 'P0034227', 'SOHNUM': 'CL0820211105A', 'STU': 'EA', 'QTYSTU': '524', 'LOT': 'C2190025', 'WRH': 'W0110', 'LOC': 'W10001', 'BPCNAM': 'International Medical Products S.A.', 'XITMNUM': 'DWG9600012/CP0040001', 'ITMDES1': '一次性使用球囊扩充压力泵', 'ITMDES2': 'BM-BID-I30', 'QTY': '90', 'USRFLD2': '2024-9-9'}
01/06/2022 15:34:38 - INFO     : 重置发货单F01SDH2111002172 成功！
01/06/2022 15:34:38 - INFO     : 从服务器加载发货单F01SDH2111002172成功：[{'SDHNUM_0': 'F01SDH2111002172', 'STOFCY_0': 'F01', 'DLVDAT_0': datetime.datetime(2021, 11, 25, 0, 0), 'SDDLIN_0': 8000, 'ITMREF_0': 'P0034227', 'SOHNUM_0': 'CL0820211105A', 'STU_0': 'EA', 'QTYSTU_0': Decimal('524.0000000000000'), 'LOT_0': 'C2190025', 'WRH_0': 'W0110', 'LOC_0': 'W10001', 'BPCNAM_0': 'International Medical Products S.A.', 'XITMNUM_0': 'DWG9600012/CP0040001', 'ITMDES1_0': '一次性使用球囊扩充压力泵', 'ITMDES2_0': 'BM-BID-I30', 'USRFLD2_0': '2024-9-9'}, {'SDHNUM_0': 'F01SDH2111002172', 'STOFCY_0': 'F01', 'DLVDAT_0': datetime.datetime(2021, 11, 25, 0, 0), 'SDDLIN_0': 20000, 'ITMREF_0': 'P0034235', 'SOHNUM_0': 'CL0820211105A', 'STU_0': 'EA', 'QTYSTU_0': Decimal('10.0000000000000'), 'LOT_0': 'C2170053', 'WRH_0': 'W0110', 'LOC_0': 'W10001', 'BPCNAM_0': 'International Medical Products S.A.', 'XITMNUM_0': 'DWG9600002/CP0080002', 'ITMDES1_0': '一次性使用Y型连接器', 'ITMDES2_0': 'BM-HV02', 'USRFLD2_0': '2024/7/28'}, {'SDHNUM_0': 'F01SDH2111002172', 'STOFCY_0': 'F01', 'DLVDAT_0': datetime.datetime(2021, 11, 25, 0, 0), 'SDDLIN_0': 22000, 'ITMREF_0': 'P0034339', 'SOHNUM_0': 'CL0820211105A', 'STU_0': 'EA', 'QTYSTU_0': Decimal('15.0000000000000'), 'LOT_0': 'C21A0025', 'WRH_0': 'W0110', 'LOC_0': 'W10001', 'BPCNAM_0': 'International Medical Products S.A.', 'XITMNUM_0': 'DWG9600301/CP0080004', 'ITMDES1_0': '一次性使用Y型连接器', 'ITMDES2_0': 'BM-HV04', 'USRFLD2_0': '2024/10/18'}, {'SDHNUM_0': 'F01SDH2111002172', 'STOFCY_0': 'F01', 'DLVDAT_0': datetime.datetime(2021, 11, 25, 0, 0), 'SDDLIN_0': 27000, 'ITMREF_0': 'P0034238', 'SOHNUM_0': 'CL0820211105A', 'STU_0': 'EA', 'QTYSTU_0': Decimal('10.0000000000000'), 'LOT_0': 'C2170016', 'WRH_0': 'W0110', 'LOC_0': 'W10001', 'BPCNAM_0': 'International Medical Products S.A.', 'XITMNUM_0': 'DWG9600315/CP0130006', 'ITMDES1_0': '一次性使用连通板', 'ITMDES2_0': 'BM-MF3-ON', 'USRFLD2_0': '2024/7/12'}]
01/11/2022 15:55:54 - INFO     : Init Btw Engine: 打印引擎加载成功
01/11/2022 15:56:23 - INFO     : SCAN DATA: C2190025
01/11/2022 15:56:32 - INFO     : SCAN DATA: C2190025
01/11/2022 15:56:33 - INFO     : SCAN DATA: C2190025
01/11/2022 15:56:34 - INFO     : SCAN DATA: C2190025
01/11/2022 15:56:35 - INFO     : SCAN DATA: C2190025
01/11/2022 15:56:36 - INFO     : SCAN DATA: C2190025
01/11/2022 15:56:38 - INFO     : SCAN DATA: C2190025
01/11/2022 15:56:39 - INFO     : SCAN DATA: C2190025
01/11/2022 15:56:40 - INFO     : SCAN DATA: C2190025
01/11/2022 15:56:41 - INFO     : SCAN DATA: C2190025
01/11/2022 16:00:29 - INFO     : Init Btw Engine: 打印引擎加载成功
01/11/2022 16:00:55 - INFO     : SCAN DATA: C2190025
01/11/2022 16:00:57 - INFO     : SCAN DATA: C2190025
01/11/2022 16:00:58 - INFO     : SCAN DATA: C2190025
01/11/2022 16:00:58 - INFO     : SCAN DATA: C2190025
01/11/2022 16:00:59 - INFO     : SCAN DATA: C2190025
01/11/2022 16:01:00 - INFO     : SCAN DATA: C2190025
01/11/2022 16:01:01 - INFO     : SCAN DATA: C2190025
01/11/2022 16:01:02 - INFO     : SCAN DATA: C2190025
01/11/2022 16:01:02 - INFO     : SCAN DATA: C2190025
01/11/2022 16:01:03 - INFO     : SCAN DATA: C2190025
01/11/2022 16:01:21 - INFO     : SCAN DATA: C2190025
01/11/2022 16:01:22 - INFO     : SCAN DATA: C2190025
01/11/2022 16:01:22 - INFO     : SCAN DATA: C2190025
01/11/2022 16:01:23 - INFO     : SCAN DATA: C2190025
01/11/2022 16:01:24 - INFO     : SCAN DATA: C2190025
01/11/2022 16:01:24 - INFO     : SCAN DATA: C2190025
01/11/2022 16:01:25 - INFO     : SCAN DATA: C2190025
01/11/2022 16:01:26 - INFO     : SCAN DATA: C2190025
01/11/2022 16:01:27 - INFO     : SCAN DATA: C2190025
01/11/2022 16:01:27 - INFO     : SCAN DATA: C2190025
01/11/2022 16:01:38 - INFO     : SCAN DATA: C2190025
01/11/2022 16:01:39 - INFO     : SCAN DATA: C2190025
01/11/2022 16:01:40 - INFO     : SCAN DATA: C2190025
01/11/2022 16:01:41 - INFO     : SCAN DATA: C2190025
01/11/2022 16:01:41 - INFO     : SCAN DATA: C2190025
01/11/2022 16:01:42 - INFO     : SCAN DATA: C2190025
01/11/2022 16:01:43 - INFO     : SCAN DATA: C2190025
01/11/2022 16:01:43 - INFO     : SCAN DATA: C2190025
01/11/2022 16:01:44 - INFO     : SCAN DATA: C2190025
01/11/2022 16:01:45 - INFO     : SCAN DATA: C2190025
01/11/2022 16:12:14 - INFO     : Init Btw Engine: 打印引擎加载成功
01/11/2022 16:12:33 - INFO     : 装箱明细标签打印：Failure, 打印参数：{'SDHNUM': 'F01SDH2111002172', 'STOFCY': 'F01', 'DLVDAT': '2021-11-25 00:00:00', 'ITMREF': 'P0034227', 'SOHNUM': 'CL0820211105A', 'STU': 'EA', 'QTYSTU': '524', 'LOT': 'C2190025', 'WRH': 'W0110', 'LOC': 'W10001', 'BPCNAM': 'International Medical Products S.A.', 'XITMNUM': 'DWG9600012/CP0040001', 'ITMDES1': '一次性使用球囊扩充压力泵', 'ITMDES2': 'BM-BID-I30', 'QTY': '10', 'USRFLD2': '2024-9-9'}
01/11/2022 16:12:39 - INFO     : 外箱标签打印：Failure, 打印参数：{'FH_CODE': 'F01SDH2111002172', 'ZX_CODE': 'C2201114LH9K6', 'BOX_QTY': '10', 'BOX_SIZE': '740*520*290mm'}
01/11/2022 16:12:51 - INFO     : SCAN DATA: C2190025
01/11/2022 16:12:52 - INFO     : SCAN DATA: C2190025
01/11/2022 16:12:53 - INFO     : SCAN DATA: C2190025
01/11/2022 16:12:54 - INFO     : SCAN DATA: C2190025
01/11/2022 16:12:54 - INFO     : SCAN DATA: C2190025
01/11/2022 16:12:55 - INFO     : SCAN DATA: C2190025
01/11/2022 16:12:55 - INFO     : SCAN DATA: C2190025
01/11/2022 16:12:56 - INFO     : SCAN DATA: C2190025
01/11/2022 16:12:57 - INFO     : SCAN DATA: C2190025
01/11/2022 16:12:58 - INFO     : SCAN DATA: C2190025
01/11/2022 16:13:02 - INFO     : 外箱标签打印：Failure, 打印参数：{'FH_CODE': 'F01SDH2111002172', 'ZX_CODE': 'C220111FE7488', 'BOX_QTY': '10', 'BOX_SIZE': '740*520*290mm'}
01/11/2022 16:13:04 - INFO     : 装箱明细标签打印：Failure, 打印参数：{'SDHNUM': 'F01SDH2111002172', 'STOFCY': 'F01', 'DLVDAT': '2021-11-25 00:00:00', 'ITMREF': 'P0034227', 'SOHNUM': 'CL0820211105A', 'STU': 'EA', 'QTYSTU': '524', 'LOT': 'C2190025', 'WRH': 'W0110', 'LOC': 'W10001', 'BPCNAM': 'International Medical Products S.A.', 'XITMNUM': 'DWG9600012/CP0040001', 'ITMDES1': '一次性使用球囊扩充压力泵', 'ITMDES2': 'BM-BID-I30', 'QTY': '10', 'USRFLD2': '2024-9-9'}
01/20/2022 15:06:23 - INFO     : Init Btw Engine: 打印引擎加载成功
01/20/2022 15:07:47 - INFO     : Init Btw Engine: 打印引擎加载成功
01/20/2022 15:07:55 - INFO     : 重置发货单F01SDH2111002172 成功！
01/20/2022 15:08:40 - INFO     : SCAN DATA: C2190025
01/20/2022 15:09:02 - INFO     : Init Btw Engine: 打印引擎加载成功
01/20/2022 15:11:01 - INFO     : Init Btw Engine: 打印引擎加载成功
01/20/2022 15:11:07 - INFO     : 从服务器加载发货单F01SDH2112000332成功：[{'SDHNUM_0': 'F01SDH2112000332', 'STOFCY_0': 'F01', 'DLVDAT_0': datetime.datetime(2021, 12, 27, 0, 0), 'SDDLIN_0': 1000, 'ITMREF_0': 'P0034238', 'SOHNUM_0': 'F01SON2112000061', 'STU_0': 'EA', 'QTYSTU_0': Decimal('10.0000000000000'), 'LOT_0': 'C2170016', 'WRH_0': 'W0110', 'LOC_0': 'W10001', 'BPCNAM_0': 'Jung Sung Medical Co.  Ltd', 'XITMNUM_0': 'DWG9600315/CP0130006', 'ITMDES1_0': '一次性使用连通板', 'ITMDES2_0': 'BM-MF3-ON', 'USRFLD2_0': '2024/7/12'}, {'SDHNUM_0': 'F01SDH2112000332', 'STOFCY_0': 'F01', 'DLVDAT_0': datetime.datetime(2021, 12, 27, 0, 0), 'SDDLIN_0': 1000, 'ITMREF_0': 'P0034238', 'SOHNUM_0': 'F01SON2112000061', 'STU_0': 'EA', 'QTYSTU_0': Decimal('50.0000000000000'), 'LOT_0': 'F21N0020', 'WRH_0': 'W0111', 'LOC_0': 'W11001', 'BPCNAM_0': 'Jung Sung Medical Co.  Ltd', 'XITMNUM_0': 'DWG9600315/CP0130006', 'ITMDES1_0': '一次性使用连通板', 'ITMDES2_0': 'BM-MF3-ON', 'USRFLD2_0': '2024/1/20'}]
01/20/2022 15:11:23 - INFO     : SCAN DATA: C2170016
01/20/2022 15:11:35 - INFO     : SCAN DATA: C2170016
01/20/2022 15:11:39 - INFO     : SCAN DATA: C2170016
01/20/2022 15:11:42 - INFO     : SCAN DATA: C2170016
01/20/2022 15:16:04 - INFO     : Init Btw Engine: 打印引擎加载成功
01/20/2022 15:16:11 - INFO     : 重置发货单F01SDH2112000332 成功！
01/20/2022 15:16:11 - INFO     : 从服务器加载发货单F01SDH2112000332成功：[{'SDHNUM_0': 'F01SDH2112000332', 'STOFCY_0': 'F01', 'DLVDAT_0': datetime.datetime(2021, 12, 27, 0, 0), 'SDDLIN_0': 1000, 'ITMREF_0': 'P0034238', 'SOHNUM_0': 'F01SON2112000061', 'STU_0': 'EA', 'QTYSTU_0': Decimal('10.0000000000000'), 'LOT_0': 'C2170016', 'WRH_0': 'W0110', 'LOC_0': 'W10001', 'BPCNAM_0': 'Jung Sung Medical Co.  Ltd', 'XITMNUM_0': 'DWG9600315/CP0130006', 'ITMDES1_0': '一次性使用连通板', 'ITMDES2_0': 'BM-MF3-ON', 'USRFLD2_0': '2024/7/12'}, {'SDHNUM_0': 'F01SDH2112000332', 'STOFCY_0': 'F01', 'DLVDAT_0': datetime.datetime(2021, 12, 27, 0, 0), 'SDDLIN_0': 1000, 'ITMREF_0': 'P0034238', 'SOHNUM_0': 'F01SON2112000061', 'STU_0': 'EA', 'QTYSTU_0': Decimal('50.0000000000000'), 'LOT_0': 'F21N0020', 'WRH_0': 'W0111', 'LOC_0': 'W11001', 'BPCNAM_0': 'Jung Sung Medical Co.  Ltd', 'XITMNUM_0': 'DWG9600315/CP0130006', 'ITMDES1_0': '一次性使用连通板', 'ITMDES2_0': 'BM-MF3-ON', 'USRFLD2_0': '2024/1/20'}]
01/20/2022 15:16:19 - INFO     : Init Btw Engine: 打印引擎加载成功
01/20/2022 15:16:33 - INFO     : SCAN DATA: C2170016
01/20/2022 15:43:55 - INFO     : SCAN DATA: C2170016
01/20/2022 16:16:46 - INFO     : Init Btw Engine: 打印引擎加载成功
01/20/2022 16:16:56 - INFO     : 重置发货单F01SDH2112000332 成功！
01/20/2022 16:16:56 - INFO     : 从服务器加载发货单F01SDH2112000332成功：[{'SDHNUM_0': 'F01SDH2112000332', 'STOFCY_0': 'F01', 'DLVDAT_0': datetime.datetime(2021, 12, 27, 0, 0), 'SDDLIN_0': 1000, 'ITMREF_0': 'P0034238', 'SOHNUM_0': 'F01SON2112000061', 'STU_0': 'EA', 'QTYSTU_0': Decimal('10.0000000000000'), 'LOT_0': 'C2170016', 'WRH_0': 'W0110', 'LOC_0': 'W10001', 'BPCNAM_0': 'Jung Sung Medical Co.  Ltd', 'XITMNUM_0': 'DWG9600315/CP0130006', 'ITMDES1_0': '一次性使用连通板', 'ITMDES2_0': 'BM-MF3-ON', 'USRFLD2_0': '2024/7/12'}, {'SDHNUM_0': 'F01SDH2112000332', 'STOFCY_0': 'F01', 'DLVDAT_0': datetime.datetime(2021, 12, 27, 0, 0), 'SDDLIN_0': 1000, 'ITMREF_0': 'P0034238', 'SOHNUM_0': 'F01SON2112000061', 'STU_0': 'EA', 'QTYSTU_0': Decimal('50.0000000000000'), 'LOT_0': 'F21N0020', 'WRH_0': 'W0111', 'LOC_0': 'W11001', 'BPCNAM_0': 'Jung Sung Medical Co.  Ltd', 'XITMNUM_0': 'DWG9600315/CP0130006', 'ITMDES1_0': '一次性使用连通板', 'ITMDES2_0': 'BM-MF3-ON', 'USRFLD2_0': '2024/1/20'}]
01/20/2022 16:17:07 - INFO     : SCAN DATA: C2170016
01/20/2022 16:17:08 - INFO     : SCAN DATA: C2170016
01/20/2022 16:17:09 - INFO     : SCAN DATA: C2170016
01/20/2022 16:17:10 - INFO     : SCAN DATA: C2170016
01/20/2022 16:17:10 - INFO     : SCAN DATA: C2170016
01/20/2022 16:17:11 - INFO     : SCAN DATA: C2170016
01/20/2022 16:17:12 - INFO     : SCAN DATA: C2170016
01/20/2022 16:17:13 - INFO     : SCAN DATA: C2170016
01/20/2022 16:17:14 - INFO     : SCAN DATA: C2170016
01/20/2022 16:17:14 - INFO     : SCAN DATA: C2170016
01/20/2022 16:17:19 - INFO     : 外箱标签打印：Failure, 打印参数：{'FH_CODE': 'F01SDH2112000332', 'ZX_CODE': 'C220120Q0B7O8', 'BOX_QTY': '10', 'BOX_SIZE': '740*520*290mm'}
01/20/2022 16:17:19 - INFO     : {'printer': <bound method BtwEngine.print_wx of <__main__.BtwEngine object at 0x09D6F690>>, 'data': {'FH_CODE': 'F01SDH2112000332', 'ZX_CODE': 'C220120Q0B7O8', 'BOX_QTY': '10', 'BOX_SIZE': '740*520*290mm'}}: None
01/20/2022 16:17:22 - INFO     : 装箱明细标签打印：Failure, 打印参数：{'SDHNUM': 'F01SDH2112000332', 'STOFCY': 'F01', 'DLVDAT': '2021-12-27 00:00:00', 'ITMREF': 'P0034238', 'SOHNUM': 'F01SON2112000061', 'STU': 'EA', 'QTYSTU': '10', 'LOT': 'C2170016', 'WRH': 'W0110', 'LOC': 'W10001', 'BPCNAM': 'Jung Sung Medical Co.  Ltd', 'XITMNUM': 'DWG9600315/CP0130006', 'ITMDES1': '一次性使用连通板', 'ITMDES2': 'BM-MF3-ON', 'QTY': '10', 'USRFLD2': '2024/7/12'}
01/20/2022 16:17:22 - INFO     : {'printer': <bound method BtwEngine.print_mx of <__main__.BtwEngine object at 0x09D6F690>>, 'data': {'SDHNUM': 'F01SDH2112000332', 'STOFCY': 'F01', 'DLVDAT': '2021-12-27 00:00:00', 'ITMREF': 'P0034238', 'SOHNUM': 'F01SON2112000061', 'STU': 'EA', 'QTYSTU': '10', 'LOT': 'C2170016', 'WRH': 'W0110', 'LOC': 'W10001', 'BPCNAM': 'Jung Sung Medical Co.  Ltd', 'XITMNUM': 'DWG9600315/CP0130006', 'ITMDES1': '一次性使用连通板', 'ITMDES2': 'BM-MF3-ON', 'QTY': '10', 'USRFLD2': '2024/7/12'}}: None
01/20/2022 16:18:02 - INFO     : 重置发货单F01SDH2112000332 成功！
01/20/2022 16:18:02 - INFO     : 从服务器加载发货单F01SDH2112000332成功：[{'SDHNUM_0': 'F01SDH2112000332', 'STOFCY_0': 'F01', 'DLVDAT_0': datetime.datetime(2021, 12, 27, 0, 0), 'SDDLIN_0': 1000, 'ITMREF_0': 'P0034238', 'SOHNUM_0': 'F01SON2112000061', 'STU_0': 'EA', 'QTYSTU_0': Decimal('10.0000000000000'), 'LOT_0': 'C2170016', 'WRH_0': 'W0110', 'LOC_0': 'W10001', 'BPCNAM_0': 'Jung Sung Medical Co.  Ltd', 'XITMNUM_0': 'DWG9600315/CP0130006', 'ITMDES1_0': '一次性使用连通板', 'ITMDES2_0': 'BM-MF3-ON', 'USRFLD2_0': '2024/7/12'}, {'SDHNUM_0': 'F01SDH2112000332', 'STOFCY_0': 'F01', 'DLVDAT_0': datetime.datetime(2021, 12, 27, 0, 0), 'SDDLIN_0': 1000, 'ITMREF_0': 'P0034238', 'SOHNUM_0': 'F01SON2112000061', 'STU_0': 'EA', 'QTYSTU_0': Decimal('50.0000000000000'), 'LOT_0': 'F21N0020', 'WRH_0': 'W0111', 'LOC_0': 'W11001', 'BPCNAM_0': 'Jung Sung Medical Co.  Ltd', 'XITMNUM_0': 'DWG9600315/CP0130006', 'ITMDES1_0': '一次性使用连通板', 'ITMDES2_0': 'BM-MF3-ON', 'USRFLD2_0': '2024/1/20'}]
01/20/2022 16:35:34 - INFO     : Init Btw Engine: 打印引擎加载成功
01/20/2022 16:46:16 - INFO     : Init Btw Engine: 打印引擎加载成功
01/20/2022 16:46:25 - INFO     : 重置发货单F01SDH2112000332 成功！
01/20/2022 16:46:25 - INFO     : 从服务器加载发货单F01SDH2112000332成功：[{'SDHNUM_0': 'F01SDH2112000332', 'STOFCY_0': 'F01', 'DLVDAT_0': datetime.datetime(2021, 12, 27, 0, 0), 'SDDLIN_0': 1000, 'ITMREF_0': 'P0034238', 'SOHNUM_0': 'F01SON2112000061', 'STU_0': 'EA', 'QTYSTU_0': Decimal('10.0000000000000'), 'LOT_0': 'C2170016', 'WRH_0': 'W0110', 'LOC_0': 'W10001', 'BPCNAM_0': 'Jung Sung Medical Co.  Ltd', 'XITMNUM_0': 'DWG9600315/CP0130006', 'ITMDES1_0': '一次性使用连通板', 'ITMDES2_0': 'BM-MF3-ON', 'USRFLD2_0': '2024/7/12'}, {'SDHNUM_0': 'F01SDH2112000332', 'STOFCY_0': 'F01', 'DLVDAT_0': datetime.datetime(2021, 12, 27, 0, 0), 'SDDLIN_0': 1000, 'ITMREF_0': 'P0034238', 'SOHNUM_0': 'F01SON2112000061', 'STU_0': 'EA', 'QTYSTU_0': Decimal('50.0000000000000'), 'LOT_0': 'F21N0020', 'WRH_0': 'W0111', 'LOC_0': 'W11001', 'BPCNAM_0': 'Jung Sung Medical Co.  Ltd', 'XITMNUM_0': 'DWG9600315/CP0130006', 'ITMDES1_0': '一次性使用连通板', 'ITMDES2_0': 'BM-MF3-ON', 'USRFLD2_0': '2024/1/20'}]
01/20/2022 16:46:40 - INFO     : 重置发货单F01SDH2112000332 成功！
01/20/2022 16:46:40 - INFO     : 从服务器加载发货单F01SDH2112000332成功：[{'SDHNUM_0': 'F01SDH2112000332', 'STOFCY_0': 'F01', 'DLVDAT_0': datetime.datetime(2021, 12, 27, 0, 0), 'SDDLIN_0': 1000, 'ITMREF_0': 'P0034238', 'SOHNUM_0': 'F01SON2112000061', 'STU_0': 'EA', 'QTYSTU_0': Decimal('10.0000000000000'), 'LOT_0': 'C2170016', 'WRH_0': 'W0110', 'LOC_0': 'W10001', 'BPCNAM_0': 'Jung Sung Medical Co.  Ltd', 'XITMNUM_0': 'DWG9600315/CP0130006', 'ITMDES1_0': '一次性使用连通板', 'ITMDES2_0': 'BM-MF3-ON', 'USRFLD2_0': '2024/7/12'}, {'SDHNUM_0': 'F01SDH2112000332', 'STOFCY_0': 'F01', 'DLVDAT_0': datetime.datetime(2021, 12, 27, 0, 0), 'SDDLIN_0': 1000, 'ITMREF_0': 'P0034238', 'SOHNUM_0': 'F01SON2112000061', 'STU_0': 'EA', 'QTYSTU_0': Decimal('50.0000000000000'), 'LOT_0': 'F21N0020', 'WRH_0': 'W0111', 'LOC_0': 'W11001', 'BPCNAM_0': 'Jung Sung Medical Co.  Ltd', 'XITMNUM_0': 'DWG9600315/CP0130006', 'ITMDES1_0': '一次性使用连通板', 'ITMDES2_0': 'BM-MF3-ON', 'USRFLD2_0': '2024/1/20'}]
03/10/2022 16:50:21 - INFO     : Init Btw Engine: 打印引擎加载成功
03/10/2022 16:52:52 - INFO     : Init Btw Engine: 打印引擎加载成功
03/10/2022 16:54:23 - INFO     : Init Btw Engine: 打印引擎加载成功
