01/12/2022 14:57:08 - ERROR    : 执行过程发生错误:'PySide2.QtWidgets.QMessageBox.addButton' called with wrong argument types:
  PySide2.QtWidgets.QMessageBox.addButton(str, StandardButton)
Supported signatures:
  PySide2.QtWidgets.QMessageBox.addButton(PySide2.QtWidgets.QAbstractButton, PySide2.QtWidgets.QMessageBox.ButtonRole)
  PySide2.QtWidgets.QMessageBox.addButton(PySide2.QtWidgets.QMessageBox.StandardButton)
  PySide2.QtWidgets.QMessageBox.addButton(str, PySide2.QtWidgets.QMessageBox.ButtonRole)
01/12/2022 14:58:49 - ERROR    : 执行过程发生错误:'PySide2.QtWidgets.QMessageBox.addButton' called with wrong argument types:
  PySide2.QtWidgets.QMessageBox.addButton(str, StandardButton)
Supported signatures:
  PySide2.QtWidgets.QMessageBox.addButton(PySide2.QtWidgets.QAbstractButton, PySide2.QtWidgets.QMessageBox.ButtonRole)
  PySide2.QtWidgets.QMessageBox.addButton(PySide2.QtWidgets.QMessageBox.StandardButton)
  PySide2.QtWidgets.QMessageBox.addButton(str, PySide2.QtWidgets.QMessageBox.ButtonRole)
01/15/2022 08:18:18 - ERROR    : 数据检擦发生异常： 'int' object is not iterable
01/15/2022 08:18:19 - ERROR    : 执行过程发生错误:'int' object is not iterable
01/15/2022 08:22:40 - ERROR    : 数据检擦发生异常： 'int' object is not iterable
01/15/2022 08:22:41 - ERROR    : 执行过程发生错误:'int' object is not iterable
01/15/2022 08:23:50 - ERROR    : 数据检擦发生异常： 'int' object is not iterable
01/15/2022 08:23:51 - ERROR    : 执行过程发生错误:'int' object is not iterable
01/15/2022 08:23:53 - ERROR    : 数据检擦发生异常： 'int' object is not iterable
01/15/2022 08:23:54 - ERROR    : 执行过程发生错误:'int' object is not iterable
01/15/2022 08:24:34 - ERROR    : 数据检擦发生异常： 'int' object is not iterable
01/15/2022 08:24:35 - ERROR    : 执行过程发生错误:'int' object is not iterable
